{"/Users/gustavo.neves/Projects/clean-my-windows/src/types.ts": {"path":"/Users/gustavo.neves/Projects/clean-my-windows/src/types.ts","statementMap":{"0":{"start":{"line":78,"column":56},"end":{"line":194,"column":null}}},"fnMap":{},"branchMap":{},"s":{"0":20},"f":{},"b":{},"meta":{"lastBranch":0,"lastFunction":0,"lastStatement":1,"seen":{"s:78:56:194:Infinity":0}}}
,"/Users/gustavo.neves/Projects/clean-my-windows/src/scanners/downloads.ts": {"path":"/Users/gustavo.neves/Projects/clean-my-windows/src/scanners/downloads.ts","statementMap":{"0":{"start":{"line":6,"column":13},"end":{"line":6,"column":null}},"1":{"start":{"line":9,"column":20},"end":{"line":9,"column":null}},"2":{"start":{"line":10,"column":18},"end":{"line":10,"column":null}},"3":{"start":{"line":12,"column":4},"end":{"line":18,"column":null}},"4":{"start":{"line":13,"column":28},"end":{"line":16,"column":null}},"5":{"start":{"line":17,"column":6},"end":{"line":17,"column":null}},"6":{"start":{"line":20,"column":4},"end":{"line":20,"column":null}}},"fnMap":{"0":{"name":"(anonymous_0)","decl":{"start":{"line":8,"column":8},"end":{"line":8,"column":13}},"loc":{"start":{"line":8,"column":60},"end":{"line":21,"column":null}},"line":8}},"branchMap":{"0":{"loc":{"start":{"line":9,"column":20},"end":{"line":9,"column":null}},"type":"binary-expr","locations":[{"start":{"line":9,"column":20},"end":{"line":9,"column":40}},{"start":{"line":9,"column":40},"end":{"line":9,"column":null}}],"line":9},"1":{"loc":{"start":{"line":12,"column":4},"end":{"line":18,"column":null}},"type":"if","locations":[{"start":{"line":12,"column":4},"end":{"line":18,"column":null}},{"start":{},"end":{}}],"line":12}},"s":{"0":7,"1":3,"2":3,"3":3,"4":3,"5":3,"6":3},"f":{"0":3},"b":{"0":[3,2],"1":[3,0]},"meta":{"lastBranch":2,"lastFunction":1,"lastStatement":7,"seen":{"s:6:13:6:Infinity":0,"f:8:8:8:13":0,"s:9:20:9:Infinity":1,"b:9:20:9:40:9:40:9:Infinity":0,"s:10:18:10:Infinity":2,"b:12:4:18:Infinity:undefined:undefined:undefined:undefined":1,"s:12:4:18:Infinity":3,"s:13:28:16:Infinity":4,"s:17:6:17:Infinity":5,"s:20:4:20:Infinity":6}}}
,"/Users/gustavo.neves/Projects/clean-my-windows/src/scanners/large-files.ts": {"path":"/Users/gustavo.neves/Projects/clean-my-windows/src/scanners/large-files.ts","statementMap":{"0":{"start":{"line":8,"column":13},"end":{"line":8,"column":null}},"1":{"start":{"line":11,"column":20},"end":{"line":11,"column":null}},"2":{"start":{"line":12,"column":35},"end":{"line":12,"column":null}},"3":{"start":{"line":14,"column":24},"end":{"line":14,"column":null}},"4":{"start":{"line":16,"column":4},"end":{"line":21,"column":null}},"5":{"start":{"line":17,"column":6},"end":{"line":20,"column":null}},"6":{"start":{"line":18,"column":22},"end":{"line":18,"column":null}},"7":{"start":{"line":19,"column":8},"end":{"line":19,"column":null}},"8":{"start":{"line":23,"column":4},"end":{"line":23,"column":null}},"9":{"start":{"line":23,"column":25},"end":{"line":23,"column":40}},"10":{"start":{"line":25,"column":4},"end":{"line":25,"column":null}},"11":{"start":{"line":34,"column":35},"end":{"line":34,"column":null}},"12":{"start":{"line":36,"column":4},"end":{"line":36,"column":null}},"13":{"start":{"line":36,"column":33},"end":{"line":36,"column":null}},"14":{"start":{"line":38,"column":4},"end":{"line":68,"column":null}},"15":{"start":{"line":39,"column":22},"end":{"line":39,"column":null}},"16":{"start":{"line":41,"column":6},"end":{"line":65,"column":null}},"17":{"start":{"line":42,"column":8},"end":{"line":42,"column":null}},"18":{"start":{"line":42,"column":40},"end":{"line":42,"column":null}},"19":{"start":{"line":44,"column":14},"end":{"line":44,"column":null}},"20":{"start":{"line":46,"column":8},"end":{"line":64,"column":null}},"21":{"start":{"line":47,"column":10},"end":{"line":61,"column":null}},"22":{"start":{"line":48,"column":26},"end":{"line":48,"column":null}},"23":{"start":{"line":49,"column":12},"end":{"line":57,"column":null}},"24":{"start":{"line":50,"column":14},"end":{"line":56,"column":null}},"25":{"start":{"line":58,"column":10},"end":{"line":61,"column":null}},"26":{"start":{"line":59,"column":29},"end":{"line":59,"column":null}},"27":{"start":{"line":60,"column":12},"end":{"line":60,"column":null}},"28":{"start":{"line":63,"column":10},"end":{"line":63,"column":null}},"29":{"start":{"line":70,"column":4},"end":{"line":70,"column":null}}},"fnMap":{"0":{"name":"(anonymous_0)","decl":{"start":{"line":10,"column":8},"end":{"line":10,"column":13}},"loc":{"start":{"line":10,"column":60},"end":{"line":26,"column":null}},"line":10},"1":{"name":"(anonymous_1)","decl":{"start":{"line":23,"column":15},"end":{"line":23,"column":16}},"loc":{"start":{"line":23,"column":25},"end":{"line":23,"column":40}},"line":23},"2":{"name":"(anonymous_2)","decl":{"start":{"line":28,"column":16},"end":{"line":28,"column":null}},"loc":{"start":{"line":33,"column":30},"end":{"line":71,"column":null}},"line":33}},"branchMap":{"0":{"loc":{"start":{"line":11,"column":20},"end":{"line":11,"column":null}},"type":"binary-expr","locations":[{"start":{"line":11,"column":20},"end":{"line":11,"column":40}},{"start":{"line":11,"column":40},"end":{"line":11,"column":null}}],"line":11},"1":{"loc":{"start":{"line":17,"column":6},"end":{"line":20,"column":null}},"type":"if","locations":[{"start":{"line":17,"column":6},"end":{"line":20,"column":null}},{"start":{},"end":{}}],"line":17},"2":{"loc":{"start":{"line":32,"column":4},"end":{"line":32,"column":null}},"type":"default-arg","locations":[{"start":{"line":32,"column":19},"end":{"line":32,"column":null}}],"line":32},"3":{"loc":{"start":{"line":36,"column":4},"end":{"line":36,"column":null}},"type":"if","locations":[{"start":{"line":36,"column":4},"end":{"line":36,"column":null}},{"start":{},"end":{}}],"line":36},"4":{"loc":{"start":{"line":42,"column":8},"end":{"line":42,"column":null}},"type":"if","locations":[{"start":{"line":42,"column":8},"end":{"line":42,"column":null}},{"start":{},"end":{}}],"line":42},"5":{"loc":{"start":{"line":47,"column":10},"end":{"line":61,"column":null}},"type":"if","locations":[{"start":{"line":47,"column":10},"end":{"line":61,"column":null}},{"start":{"line":58,"column":10},"end":{"line":61,"column":null}}],"line":47},"6":{"loc":{"start":{"line":49,"column":12},"end":{"line":57,"column":null}},"type":"if","locations":[{"start":{"line":49,"column":12},"end":{"line":57,"column":null}},{"start":{},"end":{}}],"line":49},"7":{"loc":{"start":{"line":58,"column":10},"end":{"line":61,"column":null}},"type":"if","locations":[{"start":{"line":58,"column":10},"end":{"line":61,"column":null}},{"start":{},"end":{}}],"line":58}},"s":{"0":7,"1":3,"2":3,"3":3,"4":3,"5":6,"6":6,"7":6,"8":3,"9":0,"10":3,"11":1569,"12":1569,"13":1410,"14":159,"15":159,"16":159,"17":2715,"18":114,"19":2601,"20":2601,"21":2601,"22":1038,"23":1038,"24":0,"25":1563,"26":1563,"27":1563,"28":0,"29":159},"f":{"0":3,"1":0,"2":1569},"b":{"0":[3,2],"1":[6,0],"2":[1569],"3":[1410,159],"4":[114,2601],"5":[1038,1563],"6":[0,1038],"7":[1563,0]},"meta":{"lastBranch":8,"lastFunction":3,"lastStatement":30,"seen":{"s:8:13:8:Infinity":0,"f:10:8:10:13":0,"s:11:20:11:Infinity":1,"b:11:20:11:40:11:40:11:Infinity":0,"s:12:35:12:Infinity":2,"s:14:24:14:Infinity":3,"s:16:4:21:Infinity":4,"b:17:6:20:Infinity:undefined:undefined:undefined:undefined":1,"s:17:6:20:Infinity":5,"s:18:22:18:Infinity":6,"s:19:8:19:Infinity":7,"s:23:4:23:Infinity":8,"f:23:15:23:16":1,"s:23:25:23:40":9,"s:25:4:25:Infinity":10,"f:28:16:28:Infinity":2,"b:32:19:32:Infinity":2,"s:34:35:34:Infinity":11,"b:36:4:36:Infinity:undefined:undefined:undefined:undefined":3,"s:36:4:36:Infinity":12,"s:36:33:36:Infinity":13,"s:38:4:68:Infinity":14,"s:39:22:39:Infinity":15,"s:41:6:65:Infinity":16,"b:42:8:42:Infinity:undefined:undefined:undefined:undefined":4,"s:42:8:42:Infinity":17,"s:42:40:42:Infinity":18,"s:44:14:44:Infinity":19,"s:46:8:64:Infinity":20,"b:47:10:61:Infinity:58:10:61:Infinity":5,"s:47:10:61:Infinity":21,"s:48:26:48:Infinity":22,"b:49:12:57:Infinity:undefined:undefined:undefined:undefined":6,"s:49:12:57:Infinity":23,"s:50:14:56:Infinity":24,"b:58:10:61:Infinity:undefined:undefined:undefined:undefined":7,"s:58:10:61:Infinity":25,"s:59:29:59:Infinity":26,"s:60:12:60:Infinity":27,"s:63:10:63:Infinity":28,"s:70:4:70:Infinity":29}}}
,"/Users/gustavo.neves/Projects/clean-my-windows/src/utils/fs.ts": {"path":"/Users/gustavo.neves/Projects/clean-my-windows/src/utils/fs.ts","statementMap":{"0":{"start":{"line":6,"column":2},"end":{"line":11,"column":null}},"1":{"start":{"line":7,"column":4},"end":{"line":7,"column":null}},"2":{"start":{"line":8,"column":4},"end":{"line":8,"column":null}},"3":{"start":{"line":10,"column":4},"end":{"line":10,"column":null}},"4":{"start":{"line":15,"column":2},"end":{"line":26,"column":null}},"5":{"start":{"line":16,"column":18},"end":{"line":16,"column":null}},"6":{"start":{"line":17,"column":4},"end":{"line":19,"column":null}},"7":{"start":{"line":18,"column":6},"end":{"line":18,"column":null}},"8":{"start":{"line":20,"column":4},"end":{"line":22,"column":null}},"9":{"start":{"line":21,"column":6},"end":{"line":21,"column":null}},"10":{"start":{"line":23,"column":4},"end":{"line":23,"column":null}},"11":{"start":{"line":25,"column":4},"end":{"line":25,"column":null}},"12":{"start":{"line":30,"column":18},"end":{"line":30,"column":null}},"13":{"start":{"line":32,"column":2},"end":{"line":50,"column":null}},"14":{"start":{"line":33,"column":20},"end":{"line":33,"column":null}},"15":{"start":{"line":35,"column":4},"end":{"line":47,"column":null}},"16":{"start":{"line":36,"column":12},"end":{"line":36,"column":null}},"17":{"start":{"line":37,"column":6},"end":{"line":46,"column":null}},"18":{"start":{"line":38,"column":8},"end":{"line":43,"column":null}},"19":{"start":{"line":39,"column":24},"end":{"line":39,"column":null}},"20":{"start":{"line":40,"column":10},"end":{"line":40,"column":null}},"21":{"start":{"line":41,"column":8},"end":{"line":43,"column":null}},"22":{"start":{"line":42,"column":10},"end":{"line":42,"column":null}},"23":{"start":{"line":45,"column":8},"end":{"line":45,"column":null}},"24":{"start":{"line":49,"column":4},"end":{"line":49,"column":null}},"25":{"start":{"line":52,"column":2},"end":{"line":52,"column":null}},"26":{"start":{"line":64,"column":33},"end":{"line":64,"column":null}},"27":{"start":{"line":65,"column":64},"end":{"line":65,"column":null}},"28":{"start":{"line":68,"column":4},"end":{"line":68,"column":null}},"29":{"start":{"line":68,"column":26},"end":{"line":68,"column":null}},"30":{"start":{"line":70,"column":4},"end":{"line":105,"column":null}},"31":{"start":{"line":71,"column":22},"end":{"line":71,"column":null}},"32":{"start":{"line":73,"column":6},"end":{"line":102,"column":null}},"33":{"start":{"line":74,"column":14},"end":{"line":74,"column":null}},"34":{"start":{"line":76,"column":8},"end":{"line":101,"column":null}},"35":{"start":{"line":77,"column":24},"end":{"line":77,"column":null}},"36":{"start":{"line":79,"column":10},"end":{"line":82,"column":null}},"37":{"start":{"line":80,"column":18},"end":{"line":80,"column":null}},"38":{"start":{"line":81,"column":12},"end":{"line":81,"column":null}},"39":{"start":{"line":81,"column":34},"end":{"line":81,"column":null}},"40":{"start":{"line":84,"column":23},"end":{"line":84,"column":null}},"41":{"start":{"line":86,"column":10},"end":{"line":86,"column":null}},"42":{"start":{"line":86,"column":41},"end":{"line":86,"column":null}},"43":{"start":{"line":88,"column":10},"end":{"line":94,"column":null}},"44":{"start":{"line":96,"column":10},"end":{"line":98,"column":null}},"45":{"start":{"line":97,"column":12},"end":{"line":97,"column":null}},"46":{"start":{"line":100,"column":10},"end":{"line":100,"column":null}},"47":{"start":{"line":104,"column":6},"end":{"line":104,"column":null}},"48":{"start":{"line":108,"column":2},"end":{"line":108,"column":null}},"49":{"start":{"line":109,"column":2},"end":{"line":109,"column":null}},"50":{"start":{"line":113,"column":33},"end":{"line":113,"column":null}},"51":{"start":{"line":115,"column":2},"end":{"line":138,"column":null}},"52":{"start":{"line":116,"column":20},"end":{"line":116,"column":null}},"53":{"start":{"line":118,"column":4},"end":{"line":135,"column":null}},"54":{"start":{"line":119,"column":12},"end":{"line":119,"column":null}},"55":{"start":{"line":121,"column":6},"end":{"line":134,"column":null}},"56":{"start":{"line":122,"column":22},"end":{"line":122,"column":null}},"57":{"start":{"line":123,"column":21},"end":{"line":123,"column":null}},"58":{"start":{"line":125,"column":8},"end":{"line":131,"column":null}},"59":{"start":{"line":133,"column":8},"end":{"line":133,"column":null}},"60":{"start":{"line":137,"column":4},"end":{"line":137,"column":null}},"61":{"start":{"line":140,"column":2},"end":{"line":140,"column":null}},"62":{"start":{"line":144,"column":2},"end":{"line":146,"column":null}},"63":{"start":{"line":145,"column":4},"end":{"line":145,"column":null}},"64":{"start":{"line":148,"column":2},"end":{"line":153,"column":null}},"65":{"start":{"line":149,"column":4},"end":{"line":149,"column":null}},"66":{"start":{"line":150,"column":4},"end":{"line":150,"column":null}},"67":{"start":{"line":152,"column":4},"end":{"line":152,"column":null}},"68":{"start":{"line":161,"column":16},"end":{"line":161,"column":null}},"69":{"start":{"line":162,"column":15},"end":{"line":162,"column":null}},"70":{"start":{"line":163,"column":19},"end":{"line":163,"column":null}},"71":{"start":{"line":165,"column":2},"end":{"line":176,"column":null}},"72":{"start":{"line":165,"column":15},"end":{"line":165,"column":18}},"73":{"start":{"line":166,"column":17},"end":{"line":166,"column":null}},"74":{"start":{"line":167,"column":4},"end":{"line":167,"column":null}},"75":{"start":{"line":169,"column":20},"end":{"line":169,"column":null}},"76":{"start":{"line":170,"column":4},"end":{"line":175,"column":null}},"77":{"start":{"line":171,"column":6},"end":{"line":171,"column":null}},"78":{"start":{"line":172,"column":6},"end":{"line":172,"column":null}},"79":{"start":{"line":174,"column":6},"end":{"line":174,"column":null}},"80":{"start":{"line":178,"column":2},"end":{"line":178,"column":null}}},"fnMap":{"0":{"name":"exists","decl":{"start":{"line":5,"column":22},"end":{"line":5,"column":29}},"loc":{"start":{"line":5,"column":61},"end":{"line":12,"column":null}},"line":5},"1":{"name":"getSize","decl":{"start":{"line":14,"column":22},"end":{"line":14,"column":30}},"loc":{"start":{"line":14,"column":61},"end":{"line":27,"column":null}},"line":14},"2":{"name":"getDirectorySize","decl":{"start":{"line":29,"column":22},"end":{"line":29,"column":39}},"loc":{"start":{"line":29,"column":73},"end":{"line":53,"column":null}},"line":29},"3":{"name":"getItems","decl":{"start":{"line":55,"column":22},"end":{"line":55,"column":null}},"loc":{"start":{"line":63,"column":28},"end":{"line":110,"column":null}},"line":63},"4":{"name":"processDir","decl":{"start":{"line":67,"column":17},"end":{"line":67,"column":28}},"loc":{"start":{"line":67,"column":79},"end":{"line":106,"column":null}},"line":67},"5":{"name":"getDirectoryItems","decl":{"start":{"line":112,"column":22},"end":{"line":112,"column":40}},"loc":{"start":{"line":112,"column":83},"end":{"line":141,"column":null}},"line":112},"6":{"name":"removeItem","decl":{"start":{"line":143,"column":22},"end":{"line":143,"column":33}},"loc":{"start":{"line":143,"column":81},"end":{"line":154,"column":null}},"line":143},"7":{"name":"removeItems","decl":{"start":{"line":156,"column":22},"end":{"line":156,"column":null}},"loc":{"start":{"line":160,"column":68},"end":{"line":179,"column":null}},"line":160}},"branchMap":{"0":{"loc":{"start":{"line":17,"column":4},"end":{"line":19,"column":null}},"type":"if","locations":[{"start":{"line":17,"column":4},"end":{"line":19,"column":null}},{"start":{},"end":{}}],"line":17},"1":{"loc":{"start":{"line":20,"column":4},"end":{"line":22,"column":null}},"type":"if","locations":[{"start":{"line":20,"column":4},"end":{"line":22,"column":null}},{"start":{},"end":{}}],"line":20},"2":{"loc":{"start":{"line":38,"column":8},"end":{"line":43,"column":null}},"type":"if","locations":[{"start":{"line":38,"column":8},"end":{"line":43,"column":null}},{"start":{"line":41,"column":8},"end":{"line":43,"column":null}}],"line":38},"3":{"loc":{"start":{"line":41,"column":8},"end":{"line":43,"column":null}},"type":"if","locations":[{"start":{"line":41,"column":8},"end":{"line":43,"column":null}},{"start":{},"end":{}}],"line":41},"4":{"loc":{"start":{"line":57,"column":2},"end":{"line":62,"column":null}},"type":"default-arg","locations":[{"start":{"line":62,"column":6},"end":{"line":62,"column":null}}],"line":57},"5":{"loc":{"start":{"line":65,"column":10},"end":{"line":65,"column":29}},"type":"default-arg","locations":[{"start":{"line":65,"column":22},"end":{"line":65,"column":29}}],"line":65},"6":{"loc":{"start":{"line":65,"column":46},"end":{"line":65,"column":60}},"type":"default-arg","locations":[{"start":{"line":65,"column":57},"end":{"line":65,"column":60}}],"line":65},"7":{"loc":{"start":{"line":68,"column":4},"end":{"line":68,"column":null}},"type":"if","locations":[{"start":{"line":68,"column":4},"end":{"line":68,"column":null}},{"start":{},"end":{}}],"line":68},"8":{"loc":{"start":{"line":79,"column":10},"end":{"line":82,"column":null}},"type":"if","locations":[{"start":{"line":79,"column":10},"end":{"line":82,"column":null}},{"start":{},"end":{}}],"line":79},"9":{"loc":{"start":{"line":81,"column":12},"end":{"line":81,"column":null}},"type":"if","locations":[{"start":{"line":81,"column":12},"end":{"line":81,"column":null}},{"start":{},"end":{}}],"line":81},"10":{"loc":{"start":{"line":84,"column":23},"end":{"line":84,"column":null}},"type":"cond-expr","locations":[{"start":{"line":84,"column":45},"end":{"line":84,"column":80}},{"start":{"line":84,"column":80},"end":{"line":84,"column":null}}],"line":84},"11":{"loc":{"start":{"line":86,"column":10},"end":{"line":86,"column":null}},"type":"if","locations":[{"start":{"line":86,"column":10},"end":{"line":86,"column":null}},{"start":{},"end":{}}],"line":86},"12":{"loc":{"start":{"line":86,"column":14},"end":{"line":86,"column":41}},"type":"binary-expr","locations":[{"start":{"line":86,"column":14},"end":{"line":86,"column":25}},{"start":{"line":86,"column":25},"end":{"line":86,"column":41}}],"line":86},"13":{"loc":{"start":{"line":96,"column":10},"end":{"line":98,"column":null}},"type":"if","locations":[{"start":{"line":96,"column":10},"end":{"line":98,"column":null}},{"start":{},"end":{}}],"line":96},"14":{"loc":{"start":{"line":96,"column":14},"end":{"line":96,"column":48}},"type":"binary-expr","locations":[{"start":{"line":96,"column":14},"end":{"line":96,"column":27}},{"start":{"line":96,"column":27},"end":{"line":96,"column":48}}],"line":96},"15":{"loc":{"start":{"line":123,"column":21},"end":{"line":123,"column":null}},"type":"cond-expr","locations":[{"start":{"line":123,"column":43},"end":{"line":123,"column":78}},{"start":{"line":123,"column":78},"end":{"line":123,"column":null}}],"line":123},"16":{"loc":{"start":{"line":143,"column":47},"end":{"line":143,"column":81}},"type":"default-arg","locations":[{"start":{"line":143,"column":56},"end":{"line":143,"column":81}}],"line":143},"17":{"loc":{"start":{"line":144,"column":2},"end":{"line":146,"column":null}},"type":"if","locations":[{"start":{"line":144,"column":2},"end":{"line":146,"column":null}},{"start":{},"end":{}}],"line":144},"18":{"loc":{"start":{"line":158,"column":2},"end":{"line":158,"column":null}},"type":"default-arg","locations":[{"start":{"line":158,"column":11},"end":{"line":158,"column":null}}],"line":158},"19":{"loc":{"start":{"line":170,"column":4},"end":{"line":175,"column":null}},"type":"if","locations":[{"start":{"line":170,"column":4},"end":{"line":175,"column":null}},{"start":{"line":173,"column":11},"end":{"line":175,"column":null}}],"line":170}},"s":{"0":88,"1":88,"2":28,"3":60,"4":4,"5":4,"6":3,"7":1,"8":2,"9":2,"10":0,"11":1,"12":12599,"13":12599,"14":12599,"15":12598,"16":22279,"17":22279,"18":22279,"19":9686,"20":9686,"21":12593,"22":12593,"23":0,"24":1,"25":12598,"26":6,"27":6,"28":6,"29":0,"30":6,"31":6,"32":6,"33":139,"34":139,"35":139,"36":139,"37":136,"38":136,"39":133,"40":6,"41":139,"42":1,"43":5,"44":5,"45":0,"46":0,"47":0,"48":6,"49":6,"50":4,"51":4,"52":4,"53":3,"54":5,"55":5,"56":5,"57":5,"58":5,"59":0,"60":1,"61":3,"62":2,"63":1,"64":1,"65":1,"66":1,"67":0,"68":2,"69":2,"70":2,"71":2,"72":2,"73":2,"74":2,"75":2,"76":2,"77":2,"78":2,"79":0,"80":2},"f":{"0":88,"1":4,"2":12599,"3":6,"4":6,"5":4,"6":2,"7":2},"b":{"0":[1,2],"1":[2,0],"2":[9686,12593],"3":[12593,0],"4":[6],"5":[6],"6":[6],"7":[0,6],"8":[136,3],"9":[133,3],"10":[0,6],"11":[1,138],"12":[139,2],"13":[0,5],"14":[5,0],"15":[1,4],"16":[2],"17":[1,1],"18":[2],"19":[2,0]},"meta":{"lastBranch":20,"lastFunction":8,"lastStatement":81,"seen":{"f:5:22:5:29":0,"s:6:2:11:Infinity":0,"s:7:4:7:Infinity":1,"s:8:4:8:Infinity":2,"s:10:4:10:Infinity":3,"f:14:22:14:30":1,"s:15:2:26:Infinity":4,"s:16:18:16:Infinity":5,"b:17:4:19:Infinity:undefined:undefined:undefined:undefined":0,"s:17:4:19:Infinity":6,"s:18:6:18:Infinity":7,"b:20:4:22:Infinity:undefined:undefined:undefined:undefined":1,"s:20:4:22:Infinity":8,"s:21:6:21:Infinity":9,"s:23:4:23:Infinity":10,"s:25:4:25:Infinity":11,"f:29:22:29:39":2,"s:30:18:30:Infinity":12,"s:32:2:50:Infinity":13,"s:33:20:33:Infinity":14,"s:35:4:47:Infinity":15,"s:36:12:36:Infinity":16,"s:37:6:46:Infinity":17,"b:38:8:43:Infinity:41:8:43:Infinity":2,"s:38:8:43:Infinity":18,"s:39:24:39:Infinity":19,"s:40:10:40:Infinity":20,"b:41:8:43:Infinity:undefined:undefined:undefined:undefined":3,"s:41:8:43:Infinity":21,"s:42:10:42:Infinity":22,"s:45:8:45:Infinity":23,"s:49:4:49:Infinity":24,"s:52:2:52:Infinity":25,"f:55:22:55:Infinity":3,"b:62:6:62:Infinity":4,"s:64:33:64:Infinity":26,"s:65:64:65:Infinity":27,"b:65:22:65:29":5,"b:65:57:65:60":6,"f:67:17:67:28":4,"b:68:4:68:Infinity:undefined:undefined:undefined:undefined":7,"s:68:4:68:Infinity":28,"s:68:26:68:Infinity":29,"s:70:4:105:Infinity":30,"s:71:22:71:Infinity":31,"s:73:6:102:Infinity":32,"s:74:14:74:Infinity":33,"s:76:8:101:Infinity":34,"s:77:24:77:Infinity":35,"b:79:10:82:Infinity:undefined:undefined:undefined:undefined":8,"s:79:10:82:Infinity":36,"s:80:18:80:Infinity":37,"b:81:12:81:Infinity:undefined:undefined:undefined:undefined":9,"s:81:12:81:Infinity":38,"s:81:34:81:Infinity":39,"s:84:23:84:Infinity":40,"b:84:45:84:80:84:80:84:Infinity":10,"b:86:10:86:Infinity:undefined:undefined:undefined:undefined":11,"s:86:10:86:Infinity":41,"b:86:14:86:25:86:25:86:41":12,"s:86:41:86:Infinity":42,"s:88:10:94:Infinity":43,"b:96:10:98:Infinity:undefined:undefined:undefined:undefined":13,"s:96:10:98:Infinity":44,"b:96:14:96:27:96:27:96:48":14,"s:97:12:97:Infinity":45,"s:100:10:100:Infinity":46,"s:104:6:104:Infinity":47,"s:108:2:108:Infinity":48,"s:109:2:109:Infinity":49,"f:112:22:112:40":5,"s:113:33:113:Infinity":50,"s:115:2:138:Infinity":51,"s:116:20:116:Infinity":52,"s:118:4:135:Infinity":53,"s:119:12:119:Infinity":54,"s:121:6:134:Infinity":55,"s:122:22:122:Infinity":56,"s:123:21:123:Infinity":57,"b:123:43:123:78:123:78:123:Infinity":15,"s:125:8:131:Infinity":58,"s:133:8:133:Infinity":59,"s:137:4:137:Infinity":60,"s:140:2:140:Infinity":61,"f:143:22:143:33":6,"b:143:56:143:81":16,"b:144:2:146:Infinity:undefined:undefined:undefined:undefined":17,"s:144:2:146:Infinity":62,"s:145:4:145:Infinity":63,"s:148:2:153:Infinity":64,"s:149:4:149:Infinity":65,"s:150:4:150:Infinity":66,"s:152:4:152:Infinity":67,"f:156:22:156:Infinity":7,"b:158:11:158:Infinity":18,"s:161:16:161:Infinity":68,"s:162:15:162:Infinity":69,"s:163:19:163:Infinity":70,"s:165:2:176:Infinity":71,"s:165:15:165:18":72,"s:166:17:166:Infinity":73,"s:167:4:167:Infinity":74,"s:169:20:169:Infinity":75,"b:170:4:175:Infinity:173:11:175:Infinity":19,"s:170:4:175:Infinity":76,"s:171:6:171:Infinity":77,"s:172:6:172:Infinity":78,"s:174:6:174:Infinity":79,"s:178:2:178:Infinity":80}}}
,"/Users/gustavo.neves/Projects/clean-my-windows/src/utils/hash.ts": {"path":"/Users/gustavo.neves/Projects/clean-my-windows/src/utils/hash.ts","statementMap":{"0":{"start":{"line":5,"column":2},"end":{"line":12,"column":null}},"1":{"start":{"line":6,"column":10},"end":{"line":6,"column":null}},"2":{"start":{"line":7,"column":10},"end":{"line":7,"column":null}},"3":{"start":{"line":9,"column":4},"end":{"line":9,"column":null}},"4":{"start":{"line":9,"column":32},"end":{"line":9,"column":49}},"5":{"start":{"line":10,"column":4},"end":{"line":10,"column":null}},"6":{"start":{"line":10,"column":27},"end":{"line":10,"column":54}},"7":{"start":{"line":11,"column":4},"end":{"line":11,"column":null}},"8":{"start":{"line":20,"column":2},"end":{"line":27,"column":null}},"9":{"start":{"line":21,"column":10},"end":{"line":21,"column":null}},"10":{"start":{"line":22,"column":10},"end":{"line":22,"column":null}},"11":{"start":{"line":24,"column":4},"end":{"line":24,"column":null}},"12":{"start":{"line":24,"column":32},"end":{"line":24,"column":49}},"13":{"start":{"line":25,"column":4},"end":{"line":25,"column":null}},"14":{"start":{"line":25,"column":27},"end":{"line":25,"column":54}},"15":{"start":{"line":26,"column":4},"end":{"line":26,"column":null}}},"fnMap":{"0":{"name":"getFileHash","decl":{"start":{"line":4,"column":22},"end":{"line":4,"column":34}},"loc":{"start":{"line":4,"column":88},"end":{"line":13,"column":null}},"line":4},"1":{"name":"(anonymous_1)","decl":{"start":{"line":5,"column":21},"end":{"line":5,"column":22}},"loc":{"start":{"line":5,"column":42},"end":{"line":12,"column":3}},"line":5},"2":{"name":"(anonymous_2)","decl":{"start":{"line":9,"column":22},"end":{"line":9,"column":23}},"loc":{"start":{"line":9,"column":32},"end":{"line":9,"column":49}},"line":9},"3":{"name":"(anonymous_3)","decl":{"start":{"line":10,"column":21},"end":{"line":10,"column":27}},"loc":{"start":{"line":10,"column":27},"end":{"line":10,"column":54}},"line":10},"4":{"name":"getFileHashPartial","decl":{"start":{"line":15,"column":22},"end":{"line":15,"column":null}},"loc":{"start":{"line":19,"column":19},"end":{"line":28,"column":null}},"line":19},"5":{"name":"(anonymous_5)","decl":{"start":{"line":20,"column":21},"end":{"line":20,"column":22}},"loc":{"start":{"line":20,"column":42},"end":{"line":27,"column":3}},"line":20},"6":{"name":"(anonymous_6)","decl":{"start":{"line":24,"column":22},"end":{"line":24,"column":23}},"loc":{"start":{"line":24,"column":32},"end":{"line":24,"column":49}},"line":24},"7":{"name":"(anonymous_7)","decl":{"start":{"line":25,"column":21},"end":{"line":25,"column":27}},"loc":{"start":{"line":25,"column":27},"end":{"line":25,"column":54}},"line":25}},"branchMap":{"0":{"loc":{"start":{"line":4,"column":52},"end":{"line":4,"column":88}},"type":"default-arg","locations":[{"start":{"line":4,"column":64},"end":{"line":4,"column":88}}],"line":4},"1":{"loc":{"start":{"line":17,"column":2},"end":{"line":17,"column":null}},"type":"default-arg","locations":[{"start":{"line":17,"column":10},"end":{"line":17,"column":null}}],"line":17},"2":{"loc":{"start":{"line":18,"column":2},"end":{"line":18,"column":null}},"type":"default-arg","locations":[{"start":{"line":18,"column":14},"end":{"line":18,"column":null}}],"line":18}},"s":{"0":23,"1":23,"2":23,"3":23,"4":3061,"5":23,"6":23,"7":23,"8":2,"9":2,"10":2,"11":2,"12":2,"13":2,"14":2,"15":2},"f":{"0":23,"1":23,"2":3061,"3":23,"4":2,"5":2,"6":2,"7":2},"b":{"0":[23],"1":[2],"2":[2]},"meta":{"lastBranch":3,"lastFunction":8,"lastStatement":16,"seen":{"f:4:22:4:34":0,"b:4:64:4:88":0,"s:5:2:12:Infinity":0,"f:5:21:5:22":1,"s:6:10:6:Infinity":1,"s:7:10:7:Infinity":2,"s:9:4:9:Infinity":3,"f:9:22:9:23":2,"s:9:32:9:49":4,"s:10:4:10:Infinity":5,"f:10:21:10:27":3,"s:10:27:10:54":6,"s:11:4:11:Infinity":7,"f:15:22:15:Infinity":4,"b:17:10:17:Infinity":1,"b:18:14:18:Infinity":2,"s:20:2:27:Infinity":8,"f:20:21:20:22":5,"s:21:10:21:Infinity":9,"s:22:10:22:Infinity":10,"s:24:4:24:Infinity":11,"f:24:22:24:23":6,"s:24:32:24:49":12,"s:25:4:25:Infinity":13,"f:25:21:25:27":7,"s:25:27:25:54":14,"s:26:4:26:Infinity":15}}}
,"/Users/gustavo.neves/Projects/clean-my-windows/src/utils/size.ts": {"path":"/Users/gustavo.neves/Projects/clean-my-windows/src/utils/size.ts","statementMap":{"0":{"start":{"line":1,"column":14},"end":{"line":1,"column":null}},"1":{"start":{"line":4,"column":2},"end":{"line":4,"column":null}},"2":{"start":{"line":4,"column":19},"end":{"line":4,"column":null}},"3":{"start":{"line":6,"column":12},"end":{"line":6,"column":null}},"4":{"start":{"line":7,"column":12},"end":{"line":7,"column":null}},"5":{"start":{"line":8,"column":15},"end":{"line":8,"column":null}},"6":{"start":{"line":10,"column":2},"end":{"line":10,"column":null}},"7":{"start":{"line":14,"column":16},"end":{"line":14,"column":null}},"8":{"start":{"line":15,"column":2},"end":{"line":15,"column":null}},"9":{"start":{"line":15,"column":14},"end":{"line":15,"column":null}},"10":{"start":{"line":17,"column":16},"end":{"line":17,"column":null}},"11":{"start":{"line":18,"column":15},"end":{"line":18,"column":null}},"12":{"start":{"line":19,"column":20},"end":{"line":19,"column":null}},"13":{"start":{"line":21,"column":2},"end":{"line":21,"column":null}},"14":{"start":{"line":24,"column":31},"end":{"line":28,"column":null}}},"fnMap":{"0":{"name":"formatSize","decl":{"start":{"line":3,"column":16},"end":{"line":3,"column":27}},"loc":{"start":{"line":3,"column":50},"end":{"line":11,"column":null}},"line":3},"1":{"name":"parseSize","decl":{"start":{"line":13,"column":16},"end":{"line":13,"column":26}},"loc":{"start":{"line":13,"column":51},"end":{"line":22,"column":null}},"line":13}},"branchMap":{"0":{"loc":{"start":{"line":4,"column":2},"end":{"line":4,"column":null}},"type":"if","locations":[{"start":{"line":4,"column":2},"end":{"line":4,"column":null}},{"start":{},"end":{}}],"line":4},"1":{"loc":{"start":{"line":10,"column":25},"end":{"line":10,"column":38}},"type":"cond-expr","locations":[{"start":{"line":10,"column":33},"end":{"line":10,"column":37}},{"start":{"line":10,"column":37},"end":{"line":10,"column":38}}],"line":10},"2":{"loc":{"start":{"line":15,"column":2},"end":{"line":15,"column":null}},"type":"if","locations":[{"start":{"line":15,"column":2},"end":{"line":15,"column":null}},{"start":{},"end":{}}],"line":15}},"s":{"0":19,"1":13,"2":2,"3":11,"4":11,"5":11,"6":11,"7":5,"8":5,"9":1,"10":4,"11":4,"12":4,"13":4,"14":19},"f":{"0":13,"1":5},"b":{"0":[2,11],"1":[10,1],"2":[1,4]},"meta":{"lastBranch":3,"lastFunction":2,"lastStatement":15,"seen":{"s:1:14:1:Infinity":0,"f:3:16:3:27":0,"b:4:2:4:Infinity:undefined:undefined:undefined:undefined":0,"s:4:2:4:Infinity":1,"s:4:19:4:Infinity":2,"s:6:12:6:Infinity":3,"s:7:12:7:Infinity":4,"s:8:15:8:Infinity":5,"s:10:2:10:Infinity":6,"b:10:33:10:37:10:37:10:38":1,"f:13:16:13:26":1,"s:14:16:14:Infinity":7,"b:15:2:15:Infinity:undefined:undefined:undefined:undefined":2,"s:15:2:15:Infinity":8,"s:15:14:15:Infinity":9,"s:17:16:17:Infinity":10,"s:18:15:18:Infinity":11,"s:19:20:19:Infinity":12,"s:21:2:21:Infinity":13,"s:24:31:28:Infinity":14}}}
}
