{"total": {"lines":{"total":163,"covered":152,"skipped":0,"pct":93.25},"statements":{"total":178,"covered":165,"skipped":0,"pct":92.69},"functions":{"total":29,"covered":28,"skipped":0,"pct":96.55},"branches":{"total":84,"covered":71,"skipped":0,"pct":84.52},"branchesTrue":{"total":0,"covered":0,"skipped":0,"pct":100}}
,"/Users/gustavo.neves/Projects/clean-my-windows/src/types.ts": {"lines":{"total":1,"covered":1,"skipped":0,"pct":100},"functions":{"total":0,"covered":0,"skipped":0,"pct":100},"statements":{"total":1,"covered":1,"skipped":0,"pct":100},"branches":{"total":0,"covered":0,"skipped":0,"pct":100}}
,"/Users/gustavo.neves/Projects/clean-my-windows/src/scanners/base-scanner.ts": {"lines":{"total":4,"covered":4,"skipped":0,"pct":100},"functions":{"total":3,"covered":3,"skipped":0,"pct":100},"statements":{"total":5,"covered":5,"skipped":0,"pct":100},"branches":{"total":3,"covered":2,"skipped":0,"pct":66.66}}
,"/Users/gustavo.neves/Projects/clean-my-windows/src/scanners/dev-cache.ts": {"lines":{"total":12,"covered":11,"skipped":0,"pct":91.66},"functions":{"total":1,"covered":1,"skipped":0,"pct":100},"statements":{"total":12,"covered":11,"skipped":0,"pct":91.66},"branches":{"total":4,"covered":3,"skipped":0,"pct":75}}
,"/Users/gustavo.neves/Projects/clean-my-windows/src/scanners/downloads.ts": {"lines":{"total":7,"covered":7,"skipped":0,"pct":100},"functions":{"total":1,"covered":1,"skipped":0,"pct":100},"statements":{"total":7,"covered":7,"skipped":0,"pct":100},"branches":{"total":4,"covered":3,"skipped":0,"pct":75}}
,"/Users/gustavo.neves/Projects/clean-my-windows/src/scanners/large-files.ts": {"lines":{"total":27,"covered":25,"skipped":0,"pct":92.59},"functions":{"total":3,"covered":2,"skipped":0,"pct":66.66},"statements":{"total":30,"covered":27,"skipped":0,"pct":90},"branches":{"total":15,"covered":12,"skipped":0,"pct":80}}
,"/Users/gustavo.neves/Projects/clean-my-windows/src/utils/fs.ts": {"lines":{"total":77,"covered":69,"skipped":0,"pct":89.61},"functions":{"total":8,"covered":8,"skipped":0,"pct":100},"statements":{"total":81,"covered":72,"skipped":0,"pct":88.88},"branches":{"total":35,"covered":28,"skipped":0,"pct":80}}
,"/Users/gustavo.neves/Projects/clean-my-windows/src/utils/hash.ts": {"lines":{"total":12,"covered":12,"skipped":0,"pct":100},"functions":{"total":8,"covered":8,"skipped":0,"pct":100},"statements":{"total":16,"covered":16,"skipped":0,"pct":100},"branches":{"total":3,"covered":3,"skipped":0,"pct":100}}
,"/Users/gustavo.neves/Projects/clean-my-windows/src/utils/paths.ts": {"lines":{"total":10,"covered":10,"skipped":0,"pct":100},"functions":{"total":3,"covered":3,"skipped":0,"pct":100},"statements":{"total":11,"covered":11,"skipped":0,"pct":100},"branches":{"total":14,"covered":14,"skipped":0,"pct":100}}
,"/Users/gustavo.neves/Projects/clean-my-windows/src/utils/size.ts": {"lines":{"total":13,"covered":13,"skipped":0,"pct":100},"functions":{"total":2,"covered":2,"skipped":0,"pct":100},"statements":{"total":15,"covered":15,"skipped":0,"pct":100},"branches":{"total":6,"covered":6,"skipped":0,"pct":100}}
}
