{"total": {"lines":{"total":137,"covered":127,"skipped":0,"pct":92.7},"statements":{"total":150,"covered":138,"skipped":0,"pct":92},"functions":{"total":22,"covered":21,"skipped":0,"pct":95.45},"branches":{"total":63,"covered":52,"skipped":0,"pct":82.53},"branchesTrue":{"total":0,"covered":0,"skipped":0,"pct":100}}
,"/Users/gustavo.neves/Projects/clean-my-windows/src/types.ts": {"lines":{"total":1,"covered":1,"skipped":0,"pct":100},"functions":{"total":0,"covered":0,"skipped":0,"pct":100},"statements":{"total":1,"covered":1,"skipped":0,"pct":100},"branches":{"total":0,"covered":0,"skipped":0,"pct":100}}
,"/Users/gustavo.neves/Projects/clean-my-windows/src/scanners/downloads.ts": {"lines":{"total":7,"covered":7,"skipped":0,"pct":100},"functions":{"total":1,"covered":1,"skipped":0,"pct":100},"statements":{"total":7,"covered":7,"skipped":0,"pct":100},"branches":{"total":4,"covered":3,"skipped":0,"pct":75}}
,"/Users/gustavo.neves/Projects/clean-my-windows/src/scanners/large-files.ts": {"lines":{"total":27,"covered":25,"skipped":0,"pct":92.59},"functions":{"total":3,"covered":2,"skipped":0,"pct":66.66},"statements":{"total":30,"covered":27,"skipped":0,"pct":90},"branches":{"total":15,"covered":12,"skipped":0,"pct":80}}
,"/Users/gustavo.neves/Projects/clean-my-windows/src/utils/fs.ts": {"lines":{"total":77,"covered":69,"skipped":0,"pct":89.61},"functions":{"total":8,"covered":8,"skipped":0,"pct":100},"statements":{"total":81,"covered":72,"skipped":0,"pct":88.88},"branches":{"total":35,"covered":28,"skipped":0,"pct":80}}
,"/Users/gustavo.neves/Projects/clean-my-windows/src/utils/hash.ts": {"lines":{"total":12,"covered":12,"skipped":0,"pct":100},"functions":{"total":8,"covered":8,"skipped":0,"pct":100},"statements":{"total":16,"covered":16,"skipped":0,"pct":100},"branches":{"total":3,"covered":3,"skipped":0,"pct":100}}
,"/Users/gustavo.neves/Projects/clean-my-windows/src/utils/size.ts": {"lines":{"total":13,"covered":13,"skipped":0,"pct":100},"functions":{"total":2,"covered":2,"skipped":0,"pct":100},"statements":{"total":15,"covered":15,"skipped":0,"pct":100},"branches":{"total":6,"covered":6,"skipped":0,"pct":100}}
}
