{"/Users/gustavo.neves/Projects/clean-my-windows/src/types.ts": {"path":"/Users/gustavo.neves/Projects/clean-my-windows/src/types.ts","statementMap":{"0":{"start":{"line":78,"column":56},"end":{"line":194,"column":null}}},"fnMap":{},"branchMap":{},"s":{"0":11},"f":{},"b":{},"meta":{"lastBranch":0,"lastFunction":0,"lastStatement":1,"seen":{"s:78:56:194:Infinity":0}}}
,"/Users/gustavo.neves/Projects/clean-my-windows/src/commands/clean.ts": {"path":"/Users/gustavo.neves/Projects/clean-my-windows/src/commands/clean.ts","statementMap":{"0":{"start":{"line":17,"column":50},"end":{"line":21,"column":null}},"1":{"start":{"line":32,"column":23},"end":{"line":32,"column":null}},"2":{"start":{"line":33,"column":8},"end":{"line":33,"column":null}},"3":{"start":{"line":34,"column":23},"end":{"line":34,"column":null}},"4":{"start":{"line":36,"column":18},"end":{"line":42,"column":null}},"5":{"start":{"line":40,"column":6},"end":{"line":40,"column":null}},"6":{"start":{"line":44,"column":2},"end":{"line":44,"column":null}},"7":{"start":{"line":46,"column":2},"end":{"line":49,"column":null}},"8":{"start":{"line":47,"column":4},"end":{"line":47,"column":null}},"9":{"start":{"line":48,"column":4},"end":{"line":48,"column":null}},"10":{"start":{"line":51,"column":25},"end":{"line":51,"column":null}},"11":{"start":{"line":51,"column":55},"end":{"line":51,"column":73}},"12":{"start":{"line":53,"column":23},"end":{"line":53,"column":null}},"13":{"start":{"line":53,"column":54},"end":{"line":53,"column":88}},"14":{"start":{"line":54,"column":22},"end":{"line":54,"column":null}},"15":{"start":{"line":54,"column":53},"end":{"line":54,"column":87}},"16":{"start":{"line":56,"column":2},"end":{"line":68,"column":null}},"17":{"start":{"line":57,"column":22},"end":{"line":57,"column":null}},"18":{"start":{"line":57,"column":54},"end":{"line":57,"column":73}},"19":{"start":{"line":58,"column":4},"end":{"line":58,"column":null}},"20":{"start":{"line":59,"column":4},"end":{"line":59,"column":null}},"21":{"start":{"line":60,"column":4},"end":{"line":65,"column":null}},"22":{"start":{"line":61,"column":6},"end":{"line":61,"column":null}},"23":{"start":{"line":62,"column":6},"end":{"line":64,"column":null}},"24":{"start":{"line":63,"column":8},"end":{"line":63,"column":null}},"25":{"start":{"line":66,"column":4},"end":{"line":66,"column":null}},"26":{"start":{"line":67,"column":4},"end":{"line":67,"column":null}},"27":{"start":{"line":70,"column":2},"end":{"line":73,"column":null}},"28":{"start":{"line":71,"column":4},"end":{"line":71,"column":null}},"29":{"start":{"line":72,"column":4},"end":{"line":72,"column":null}},"30":{"start":{"line":75,"column":76},"end":{"line":75,"column":null}},"31":{"start":{"line":77,"column":2},"end":{"line":84,"column":null}},"32":{"start":{"line":78,"column":4},"end":{"line":81,"column":null}},"33":{"start":{"line":78,"column":49},"end":{"line":81,"column":6}},"34":{"start":{"line":83,"column":4},"end":{"line":83,"column":null}},"35":{"start":{"line":86,"column":2},"end":{"line":89,"column":null}},"36":{"start":{"line":87,"column":4},"end":{"line":87,"column":null}},"37":{"start":{"line":88,"column":4},"end":{"line":88,"column":null}},"38":{"start":{"line":91,"column":23},"end":{"line":91,"column":null}},"39":{"start":{"line":91,"column":56},"end":{"line":91,"column":105}},"40":{"start":{"line":91,"column":88},"end":{"line":91,"column":101}},"41":{"start":{"line":92,"column":21},"end":{"line":92,"column":null}},"42":{"start":{"line":92,"column":54},"end":{"line":92,"column":76}},"43":{"start":{"line":94,"column":2},"end":{"line":104,"column":null}},"44":{"start":{"line":95,"column":20},"end":{"line":98,"column":null}},"45":{"start":{"line":100,"column":4},"end":{"line":103,"column":null}},"46":{"start":{"line":101,"column":6},"end":{"line":101,"column":null}},"47":{"start":{"line":102,"column":6},"end":{"line":102,"column":null}},"48":{"start":{"line":106,"column":2},"end":{"line":115,"column":null}},"49":{"start":{"line":107,"column":4},"end":{"line":107,"column":null}},"50":{"start":{"line":108,"column":4},"end":{"line":112,"column":null}},"51":{"start":{"line":109,"column":12},"end":{"line":109,"column":null}},"52":{"start":{"line":110,"column":19},"end":{"line":110,"column":null}},"53":{"start":{"line":110,"column":44},"end":{"line":110,"column":58}},"54":{"start":{"line":111,"column":6},"end":{"line":111,"column":null}},"55":{"start":{"line":113,"column":4},"end":{"line":113,"column":null}},"56":{"start":{"line":114,"column":4},"end":{"line":114,"column":null}},"57":{"start":{"line":117,"column":24},"end":{"line":117,"column":null}},"58":{"start":{"line":119,"column":37},"end":{"line":124,"column":null}},"59":{"start":{"line":126,"column":21},"end":{"line":126,"column":null}},"60":{"start":{"line":127,"column":2},"end":{"line":137,"column":null}},"61":{"start":{"line":128,"column":10},"end":{"line":128,"column":null}},"62":{"start":{"line":129,"column":4},"end":{"line":129,"column":null}},"63":{"start":{"line":131,"column":19},"end":{"line":131,"column":null}},"64":{"start":{"line":132,"column":4},"end":{"line":132,"column":null}},"65":{"start":{"line":133,"column":4},"end":{"line":133,"column":null}},"66":{"start":{"line":134,"column":4},"end":{"line":134,"column":null}},"67":{"start":{"line":135,"column":4},"end":{"line":135,"column":null}},"68":{"start":{"line":136,"column":4},"end":{"line":136,"column":null}},"69":{"start":{"line":139,"column":2},"end":{"line":139,"column":null}},"70":{"start":{"line":141,"column":2},"end":{"line":141,"column":null}},"71":{"start":{"line":143,"column":2},"end":{"line":143,"column":null}},"72":{"start":{"line":150,"column":2},"end":{"line":150,"column":null}},"73":{"start":{"line":151,"column":2},"end":{"line":151,"column":null}},"74":{"start":{"line":152,"column":2},"end":{"line":152,"column":null}},"75":{"start":{"line":154,"column":36},"end":{"line":165,"column":null}},"76":{"start":{"line":155,"column":23},"end":{"line":155,"column":null}},"77":{"start":{"line":156,"column":20},"end":{"line":156,"column":null}},"78":{"start":{"line":158,"column":4},"end":{"line":164,"column":null}},"79":{"start":{"line":167,"column":29},"end":{"line":175,"column":null}},"80":{"start":{"line":169,"column":33},"end":{"line":173,"column":6}},"81":{"start":{"line":176,"column":26},"end":{"line":176,"column":null}},"82":{"start":{"line":176,"column":48},"end":{"line":176,"column":90}},"83":{"start":{"line":178,"column":78},"end":{"line":178,"column":null}},"84":{"start":{"line":180,"column":2},"end":{"line":214,"column":null}},"85":{"start":{"line":181,"column":20},"end":{"line":181,"column":null}},"86":{"start":{"line":183,"column":4},"end":{"line":213,"column":null}},"87":{"start":{"line":184,"column":6},"end":{"line":187,"column":null}},"88":{"start":{"line":185,"column":8},"end":{"line":185,"column":null}},"89":{"start":{"line":186,"column":8},"end":{"line":186,"column":null}},"90":{"start":{"line":189,"column":26},"end":{"line":193,"column":null}},"91":{"start":{"line":189,"column":54},"end":{"line":193,"column":8}},"92":{"start":{"line":195,"column":28},"end":{"line":199,"column":null}},"93":{"start":{"line":200,"column":32},"end":{"line":200,"column":null}},"94":{"start":{"line":200,"column":59},"end":{"line":200,"column":89}},"95":{"start":{"line":202,"column":6},"end":{"line":207,"column":null}},"96":{"start":{"line":203,"column":8},"end":{"line":206,"column":null}},"97":{"start":{"line":209,"column":6},"end":{"line":212,"column":null}},"98":{"start":{"line":216,"column":2},"end":{"line":216,"column":null}},"99":{"start":{"line":220,"column":2},"end":{"line":220,"column":null}},"100":{"start":{"line":221,"column":2},"end":{"line":221,"column":null}},"101":{"start":{"line":222,"column":2},"end":{"line":222,"column":null}},"102":{"start":{"line":224,"column":2},"end":{"line":233,"column":null}},"103":{"start":{"line":225,"column":4},"end":{"line":229,"column":null}},"104":{"start":{"line":226,"column":6},"end":{"line":228,"column":null}},"105":{"start":{"line":230,"column":4},"end":{"line":232,"column":null}},"106":{"start":{"line":231,"column":6},"end":{"line":231,"column":null}},"107":{"start":{"line":235,"column":2},"end":{"line":235,"column":null}},"108":{"start":{"line":236,"column":2},"end":{"line":236,"column":null}},"109":{"start":{"line":237,"column":2},"end":{"line":237,"column":null}},"110":{"start":{"line":238,"column":2},"end":{"line":238,"column":null}},"111":{"start":{"line":240,"column":2},"end":{"line":242,"column":null}},"112":{"start":{"line":241,"column":4},"end":{"line":241,"column":null}},"113":{"start":{"line":244,"column":2},"end":{"line":244,"column":null}}},"fnMap":{"0":{"name":"cleanCommand","decl":{"start":{"line":31,"column":22},"end":{"line":31,"column":35}},"loc":{"start":{"line":31,"column":95},"end":{"line":144,"column":null}},"line":31},"1":{"name":"(anonymous_1)","decl":{"start":{"line":39,"column":16},"end":{"line":39,"column":17}},"loc":{"start":{"line":39,"column":48},"end":{"line":41,"column":null}},"line":39},"2":{"name":"(anonymous_2)","decl":{"start":{"line":51,"column":48},"end":{"line":51,"column":49}},"loc":{"start":{"line":51,"column":55},"end":{"line":51,"column":73}},"line":51},"3":{"name":"(anonymous_3)","decl":{"start":{"line":53,"column":47},"end":{"line":53,"column":48}},"loc":{"start":{"line":53,"column":54},"end":{"line":53,"column":88}},"line":53},"4":{"name":"(anonymous_4)","decl":{"start":{"line":54,"column":46},"end":{"line":54,"column":47}},"loc":{"start":{"line":54,"column":53},"end":{"line":54,"column":87}},"line":54},"5":{"name":"(anonymous_5)","decl":{"start":{"line":57,"column":42},"end":{"line":57,"column":43}},"loc":{"start":{"line":57,"column":54},"end":{"line":57,"column":73}},"line":57},"6":{"name":"(anonymous_6)","decl":{"start":{"line":78,"column":41},"end":{"line":78,"column":42}},"loc":{"start":{"line":78,"column":49},"end":{"line":81,"column":6}},"line":78},"7":{"name":"(anonymous_7)","decl":{"start":{"line":91,"column":44},"end":{"line":91,"column":45}},"loc":{"start":{"line":91,"column":56},"end":{"line":91,"column":105}},"line":91},"8":{"name":"(anonymous_8)","decl":{"start":{"line":91,"column":77},"end":{"line":91,"column":78}},"loc":{"start":{"line":91,"column":88},"end":{"line":91,"column":101}},"line":91},"9":{"name":"(anonymous_9)","decl":{"start":{"line":92,"column":42},"end":{"line":92,"column":43}},"loc":{"start":{"line":92,"column":54},"end":{"line":92,"column":76}},"line":92},"10":{"name":"(anonymous_10)","decl":{"start":{"line":110,"column":32},"end":{"line":110,"column":33}},"loc":{"start":{"line":110,"column":44},"end":{"line":110,"column":58}},"line":110},"11":{"name":"selectItemsInteractively","decl":{"start":{"line":146,"column":15},"end":{"line":146,"column":null}},"loc":{"start":{"line":149,"column":65},"end":{"line":217,"column":null}},"line":149},"12":{"name":"(anonymous_12)","decl":{"start":{"line":154,"column":48},"end":{"line":154,"column":49}},"loc":{"start":{"line":154,"column":55},"end":{"line":165,"column":3}},"line":154},"13":{"name":"(anonymous_13)","decl":{"start":{"line":169,"column":25},"end":{"line":169,"column":26}},"loc":{"start":{"line":169,"column":33},"end":{"line":173,"column":6}},"line":169},"14":{"name":"(anonymous_14)","decl":{"start":{"line":176,"column":41},"end":{"line":176,"column":42}},"loc":{"start":{"line":176,"column":48},"end":{"line":176,"column":90}},"line":176},"15":{"name":"(anonymous_15)","decl":{"start":{"line":189,"column":43},"end":{"line":189,"column":44}},"loc":{"start":{"line":189,"column":54},"end":{"line":193,"column":8}},"line":189},"16":{"name":"(anonymous_16)","decl":{"start":{"line":200,"column":52},"end":{"line":200,"column":53}},"loc":{"start":{"line":200,"column":59},"end":{"line":200,"column":89}},"line":200},"17":{"name":"printCleanResults","decl":{"start":{"line":219,"column":9},"end":{"line":219,"column":27}},"loc":{"start":{"line":219,"column":56},"end":{"line":245,"column":null}},"line":219}},"branchMap":{"0":{"loc":{"start":{"line":32,"column":23},"end":{"line":32,"column":null}},"type":"binary-expr","locations":[{"start":{"line":32,"column":23},"end":{"line":32,"column":46}},{"start":{"line":32,"column":46},"end":{"line":32,"column":null}}],"line":32},"1":{"loc":{"start":{"line":34,"column":23},"end":{"line":34,"column":null}},"type":"cond-expr","locations":[{"start":{"line":34,"column":23},"end":{"line":34,"column":76}},{"start":{"line":34,"column":76},"end":{"line":34,"column":null}}],"line":34},"2":{"loc":{"start":{"line":46,"column":2},"end":{"line":49,"column":null}},"type":"if","locations":[{"start":{"line":46,"column":2},"end":{"line":49,"column":null}},{"start":{},"end":{}}],"line":46},"3":{"loc":{"start":{"line":56,"column":2},"end":{"line":68,"column":null}},"type":"if","locations":[{"start":{"line":56,"column":2},"end":{"line":68,"column":null}},{"start":{},"end":{}}],"line":56},"4":{"loc":{"start":{"line":56,"column":6},"end":{"line":56,"column":50}},"type":"binary-expr","locations":[{"start":{"line":56,"column":6},"end":{"line":56,"column":25}},{"start":{"line":56,"column":25},"end":{"line":56,"column":50}}],"line":56},"5":{"loc":{"start":{"line":62,"column":6},"end":{"line":64,"column":null}},"type":"if","locations":[{"start":{"line":62,"column":6},"end":{"line":64,"column":null}},{"start":{},"end":{}}],"line":62},"6":{"loc":{"start":{"line":70,"column":2},"end":{"line":73,"column":null}},"type":"if","locations":[{"start":{"line":70,"column":2},"end":{"line":73,"column":null}},{"start":{},"end":{}}],"line":70},"7":{"loc":{"start":{"line":77,"column":2},"end":{"line":84,"column":null}},"type":"if","locations":[{"start":{"line":77,"column":2},"end":{"line":84,"column":null}},{"start":{"line":82,"column":9},"end":{"line":84,"column":null}}],"line":77},"8":{"loc":{"start":{"line":86,"column":2},"end":{"line":89,"column":null}},"type":"if","locations":[{"start":{"line":86,"column":2},"end":{"line":89,"column":null}},{"start":{},"end":{}}],"line":86},"9":{"loc":{"start":{"line":94,"column":2},"end":{"line":104,"column":null}},"type":"if","locations":[{"start":{"line":94,"column":2},"end":{"line":104,"column":null}},{"start":{},"end":{}}],"line":94},"10":{"loc":{"start":{"line":94,"column":6},"end":{"line":94,"column":39}},"type":"binary-expr","locations":[{"start":{"line":94,"column":6},"end":{"line":94,"column":22}},{"start":{"line":94,"column":22},"end":{"line":94,"column":39}}],"line":94},"11":{"loc":{"start":{"line":100,"column":4},"end":{"line":103,"column":null}},"type":"if","locations":[{"start":{"line":100,"column":4},"end":{"line":103,"column":null}},{"start":{},"end":{}}],"line":100},"12":{"loc":{"start":{"line":106,"column":2},"end":{"line":115,"column":null}},"type":"if","locations":[{"start":{"line":106,"column":2},"end":{"line":115,"column":null}},{"start":{},"end":{}}],"line":106},"13":{"loc":{"start":{"line":117,"column":24},"end":{"line":117,"column":null}},"type":"cond-expr","locations":[{"start":{"line":117,"column":24},"end":{"line":117,"column":83}},{"start":{"line":117,"column":83},"end":{"line":117,"column":null}}],"line":117},"14":{"loc":{"start":{"line":148,"column":2},"end":{"line":148,"column":null}},"type":"default-arg","locations":[{"start":{"line":148,"column":12},"end":{"line":148,"column":null}}],"line":148},"15":{"loc":{"start":{"line":161,"column":15},"end":{"line":161,"column":null}},"type":"binary-expr","locations":[{"start":{"line":161,"column":15},"end":{"line":161,"column":27}},{"start":{"line":161,"column":27},"end":{"line":161,"column":null}}],"line":161},"16":{"loc":{"start":{"line":183,"column":4},"end":{"line":213,"column":null}},"type":"if","locations":[{"start":{"line":183,"column":4},"end":{"line":213,"column":null}},{"start":{"line":208,"column":11},"end":{"line":213,"column":null}}],"line":183},"17":{"loc":{"start":{"line":183,"column":8},"end":{"line":183,"column":100}},"type":"binary-expr","locations":[{"start":{"line":183,"column":8},"end":{"line":183,"column":19}},{"start":{"line":183,"column":19},"end":{"line":183,"column":59}},{"start":{"line":183,"column":59},"end":{"line":183,"column":100}}],"line":183},"18":{"loc":{"start":{"line":184,"column":6},"end":{"line":187,"column":null}},"type":"if","locations":[{"start":{"line":184,"column":6},"end":{"line":187,"column":null}},{"start":{},"end":{}}],"line":184},"19":{"loc":{"start":{"line":184,"column":10},"end":{"line":184,"column":49}},"type":"binary-expr","locations":[{"start":{"line":184,"column":10},"end":{"line":184,"column":21}},{"start":{"line":184,"column":21},"end":{"line":184,"column":49}}],"line":184},"20":{"loc":{"start":{"line":202,"column":6},"end":{"line":207,"column":null}},"type":"if","locations":[{"start":{"line":202,"column":6},"end":{"line":207,"column":null}},{"start":{},"end":{}}],"line":202},"21":{"loc":{"start":{"line":225,"column":4},"end":{"line":229,"column":null}},"type":"if","locations":[{"start":{"line":225,"column":4},"end":{"line":229,"column":null}},{"start":{},"end":{}}],"line":225},"22":{"loc":{"start":{"line":240,"column":2},"end":{"line":242,"column":null}},"type":"if","locations":[{"start":{"line":240,"column":2},"end":{"line":242,"column":null}},{"start":{},"end":{}}],"line":240}},"s":{"0":1,"1":1,"2":1,"3":1,"4":1,"5":15,"6":1,"7":1,"8":0,"9":0,"10":1,"11":15,"12":1,"13":4,"14":1,"15":4,"16":1,"17":1,"18":2,"19":1,"20":1,"21":1,"22":2,"23":2,"24":2,"25":1,"26":1,"27":1,"28":0,"29":0,"30":1,"31":1,"32":1,"33":2,"34":0,"35":1,"36":0,"37":0,"38":1,"39":2,"40":3,"41":1,"42":2,"43":1,"44":0,"45":0,"46":0,"47":0,"48":1,"49":1,"50":1,"51":2,"52":2,"53":3,"54":2,"55":1,"56":1,"57":0,"58":1,"59":1,"60":1,"61":0,"62":0,"63":0,"64":0,"65":0,"66":0,"67":0,"68":0,"69":0,"70":1,"71":1,"72":0,"73":0,"74":0,"75":0,"76":0,"77":0,"78":0,"79":0,"80":0,"81":0,"82":0,"83":0,"84":0,"85":0,"86":0,"87":0,"88":0,"89":0,"90":0,"91":0,"92":0,"93":0,"94":0,"95":0,"96":0,"97":0,"98":0,"99":0,"100":0,"101":0,"102":0,"103":0,"104":0,"105":0,"106":0,"107":0,"108":0,"109":0,"110":0,"111":0,"112":0,"113":0},"f":{"0":1,"1":15,"2":15,"3":4,"4":4,"5":2,"6":2,"7":2,"8":3,"9":2,"10":3,"11":0,"12":0,"13":0,"14":0,"15":0,"16":0,"17":0},"b":{"0":[1,0],"1":[0,1],"2":[0,1],"3":[1,0],"4":[1,1],"5":[2,0],"6":[0,1],"7":[1,0],"8":[0,1],"9":[0,1],"10":[1,1],"11":[0,0],"12":[1,0],"13":[0,0],"14":[0],"15":[0,0],"16":[0,0],"17":[0,0,0],"18":[0,0],"19":[0,0],"20":[0,0],"21":[0,0],"22":[0,0]},"meta":{"lastBranch":23,"lastFunction":18,"lastStatement":114,"seen":{"s:17:50:21:Infinity":0,"f:31:22:31:35":0,"s:32:23:32:Infinity":1,"b:32:23:32:46:32:46:32:Infinity":0,"s:33:8:33:Infinity":2,"s:34:23:34:Infinity":3,"b:34:23:34:76:34:76:34:Infinity":1,"s:36:18:42:Infinity":4,"f:39:16:39:17":1,"s:40:6:40:Infinity":5,"s:44:2:44:Infinity":6,"b:46:2:49:Infinity:undefined:undefined:undefined:undefined":2,"s:46:2:49:Infinity":7,"s:47:4:47:Infinity":8,"s:48:4:48:Infinity":9,"s:51:25:51:Infinity":10,"f:51:48:51:49":2,"s:51:55:51:73":11,"s:53:23:53:Infinity":12,"f:53:47:53:48":3,"s:53:54:53:88":13,"s:54:22:54:Infinity":14,"f:54:46:54:47":4,"s:54:53:54:87":15,"b:56:2:68:Infinity:undefined:undefined:undefined:undefined":3,"s:56:2:68:Infinity":16,"b:56:6:56:25:56:25:56:50":4,"s:57:22:57:Infinity":17,"f:57:42:57:43":5,"s:57:54:57:73":18,"s:58:4:58:Infinity":19,"s:59:4:59:Infinity":20,"s:60:4:65:Infinity":21,"s:61:6:61:Infinity":22,"b:62:6:64:Infinity:undefined:undefined:undefined:undefined":5,"s:62:6:64:Infinity":23,"s:63:8:63:Infinity":24,"s:66:4:66:Infinity":25,"s:67:4:67:Infinity":26,"b:70:2:73:Infinity:undefined:undefined:undefined:undefined":6,"s:70:2:73:Infinity":27,"s:71:4:71:Infinity":28,"s:72:4:72:Infinity":29,"s:75:76:75:Infinity":30,"b:77:2:84:Infinity:82:9:84:Infinity":7,"s:77:2:84:Infinity":31,"s:78:4:81:Infinity":32,"f:78:41:78:42":6,"s:78:49:81:6":33,"s:83:4:83:Infinity":34,"b:86:2:89:Infinity:undefined:undefined:undefined:undefined":8,"s:86:2:89:Infinity":35,"s:87:4:87:Infinity":36,"s:88:4:88:Infinity":37,"s:91:23:91:Infinity":38,"f:91:44:91:45":7,"s:91:56:91:105":39,"f:91:77:91:78":8,"s:91:88:91:101":40,"s:92:21:92:Infinity":41,"f:92:42:92:43":9,"s:92:54:92:76":42,"b:94:2:104:Infinity:undefined:undefined:undefined:undefined":9,"s:94:2:104:Infinity":43,"b:94:6:94:22:94:22:94:39":10,"s:95:20:98:Infinity":44,"b:100:4:103:Infinity:undefined:undefined:undefined:undefined":11,"s:100:4:103:Infinity":45,"s:101:6:101:Infinity":46,"s:102:6:102:Infinity":47,"b:106:2:115:Infinity:undefined:undefined:undefined:undefined":12,"s:106:2:115:Infinity":48,"s:107:4:107:Infinity":49,"s:108:4:112:Infinity":50,"s:109:12:109:Infinity":51,"s:110:19:110:Infinity":52,"f:110:32:110:33":10,"s:110:44:110:58":53,"s:111:6:111:Infinity":54,"s:113:4:113:Infinity":55,"s:114:4:114:Infinity":56,"s:117:24:117:Infinity":57,"b:117:24:117:83:117:83:117:Infinity":13,"s:119:37:124:Infinity":58,"s:126:21:126:Infinity":59,"s:127:2:137:Infinity":60,"s:128:10:128:Infinity":61,"s:129:4:129:Infinity":62,"s:131:19:131:Infinity":63,"s:132:4:132:Infinity":64,"s:133:4:133:Infinity":65,"s:134:4:134:Infinity":66,"s:135:4:135:Infinity":67,"s:136:4:136:Infinity":68,"s:139:2:139:Infinity":69,"s:141:2:141:Infinity":70,"s:143:2:143:Infinity":71,"f:146:15:146:Infinity":11,"b:148:12:148:Infinity":14,"s:150:2:150:Infinity":72,"s:151:2:151:Infinity":73,"s:152:2:152:Infinity":74,"s:154:36:165:Infinity":75,"f:154:48:154:49":12,"s:155:23:155:Infinity":76,"s:156:20:156:Infinity":77,"s:158:4:164:Infinity":78,"b:161:15:161:27:161:27:161:Infinity":15,"s:167:29:175:Infinity":79,"f:169:25:169:26":13,"s:169:33:173:6":80,"s:176:26:176:Infinity":81,"f:176:41:176:42":14,"s:176:48:176:90":82,"s:178:78:178:Infinity":83,"s:180:2:214:Infinity":84,"s:181:20:181:Infinity":85,"b:183:4:213:Infinity:208:11:213:Infinity":16,"s:183:4:213:Infinity":86,"b:183:8:183:19:183:19:183:59:183:59:183:100":17,"b:184:6:187:Infinity:undefined:undefined:undefined:undefined":18,"s:184:6:187:Infinity":87,"b:184:10:184:21:184:21:184:49":19,"s:185:8:185:Infinity":88,"s:186:8:186:Infinity":89,"s:189:26:193:Infinity":90,"f:189:43:189:44":15,"s:189:54:193:8":91,"s:195:28:199:Infinity":92,"s:200:32:200:Infinity":93,"f:200:52:200:53":16,"s:200:59:200:89":94,"b:202:6:207:Infinity:undefined:undefined:undefined:undefined":20,"s:202:6:207:Infinity":95,"s:203:8:206:Infinity":96,"s:209:6:212:Infinity":97,"s:216:2:216:Infinity":98,"f:219:9:219:27":17,"s:220:2:220:Infinity":99,"s:221:2:221:Infinity":100,"s:222:2:222:Infinity":101,"s:224:2:233:Infinity":102,"b:225:4:229:Infinity:undefined:undefined:undefined:undefined":21,"s:225:4:229:Infinity":103,"s:226:6:228:Infinity":104,"s:230:4:232:Infinity":105,"s:231:6:231:Infinity":106,"s:235:2:235:Infinity":107,"s:236:2:236:Infinity":108,"s:237:2:237:Infinity":109,"s:238:2:238:Infinity":110,"b:240:2:242:Infinity:undefined:undefined:undefined:undefined":22,"s:240:2:242:Infinity":111,"s:241:4:241:Infinity":112,"s:244:2:244:Infinity":113}}}
,"/Users/gustavo.neves/Projects/clean-my-windows/src/commands/maintenance.ts": {"path":"/Users/gustavo.neves/Projects/clean-my-windows/src/commands/maintenance.ts","statementMap":{"0":{"start":{"line":13,"column":74},"end":{"line":13,"column":null}},"1":{"start":{"line":15,"column":2},"end":{"line":17,"column":null}},"2":{"start":{"line":16,"column":4},"end":{"line":16,"column":null}},"3":{"start":{"line":19,"column":2},"end":{"line":21,"column":null}},"4":{"start":{"line":20,"column":4},"end":{"line":20,"column":null}},"5":{"start":{"line":23,"column":2},"end":{"line":25,"column":null}},"6":{"start":{"line":24,"column":4},"end":{"line":24,"column":null}},"7":{"start":{"line":27,"column":2},"end":{"line":29,"column":null}},"8":{"start":{"line":28,"column":4},"end":{"line":28,"column":null}},"9":{"start":{"line":31,"column":2},"end":{"line":39,"column":null}},"10":{"start":{"line":32,"column":4},"end":{"line":32,"column":null}},"11":{"start":{"line":33,"column":4},"end":{"line":33,"column":null}},"12":{"start":{"line":34,"column":4},"end":{"line":34,"column":null}},"13":{"start":{"line":35,"column":4},"end":{"line":35,"column":null}},"14":{"start":{"line":36,"column":4},"end":{"line":36,"column":null}},"15":{"start":{"line":37,"column":4},"end":{"line":37,"column":null}},"16":{"start":{"line":38,"column":4},"end":{"line":38,"column":null}},"17":{"start":{"line":41,"column":2},"end":{"line":41,"column":null}},"18":{"start":{"line":42,"column":2},"end":{"line":42,"column":null}},"19":{"start":{"line":43,"column":2},"end":{"line":43,"column":null}},"20":{"start":{"line":45,"column":2},"end":{"line":59,"column":null}},"21":{"start":{"line":46,"column":10},"end":{"line":46,"column":null}},"22":{"start":{"line":48,"column":19},"end":{"line":48,"column":null}},"23":{"start":{"line":50,"column":4},"end":{"line":58,"column":null}},"24":{"start":{"line":51,"column":6},"end":{"line":51,"column":null}},"25":{"start":{"line":53,"column":6},"end":{"line":57,"column":null}},"26":{"start":{"line":54,"column":8},"end":{"line":54,"column":null}},"27":{"start":{"line":56,"column":8},"end":{"line":56,"column":null}},"28":{"start":{"line":61,"column":2},"end":{"line":61,"column":null}}},"fnMap":{"0":{"name":"maintenanceCommand","decl":{"start":{"line":12,"column":22},"end":{"line":12,"column":41}},"loc":{"start":{"line":12,"column":92},"end":{"line":62,"column":null}},"line":12}},"branchMap":{"0":{"loc":{"start":{"line":15,"column":2},"end":{"line":17,"column":null}},"type":"if","locations":[{"start":{"line":15,"column":2},"end":{"line":17,"column":null}},{"start":{},"end":{}}],"line":15},"1":{"loc":{"start":{"line":19,"column":2},"end":{"line":21,"column":null}},"type":"if","locations":[{"start":{"line":19,"column":2},"end":{"line":21,"column":null}},{"start":{},"end":{}}],"line":19},"2":{"loc":{"start":{"line":23,"column":2},"end":{"line":25,"column":null}},"type":"if","locations":[{"start":{"line":23,"column":2},"end":{"line":25,"column":null}},{"start":{},"end":{}}],"line":23},"3":{"loc":{"start":{"line":27,"column":2},"end":{"line":29,"column":null}},"type":"if","locations":[{"start":{"line":27,"column":2},"end":{"line":29,"column":null}},{"start":{},"end":{}}],"line":27},"4":{"loc":{"start":{"line":31,"column":2},"end":{"line":39,"column":null}},"type":"if","locations":[{"start":{"line":31,"column":2},"end":{"line":39,"column":null}},{"start":{},"end":{}}],"line":31},"5":{"loc":{"start":{"line":50,"column":4},"end":{"line":58,"column":null}},"type":"if","locations":[{"start":{"line":50,"column":4},"end":{"line":58,"column":null}},{"start":{"line":52,"column":11},"end":{"line":58,"column":null}}],"line":50},"6":{"loc":{"start":{"line":53,"column":6},"end":{"line":57,"column":null}},"type":"if","locations":[{"start":{"line":53,"column":6},"end":{"line":57,"column":null}},{"start":{"line":55,"column":13},"end":{"line":57,"column":null}}],"line":53}},"s":{"0":1,"1":1,"2":0,"3":1,"4":0,"5":1,"6":0,"7":1,"8":0,"9":1,"10":1,"11":1,"12":1,"13":1,"14":1,"15":1,"16":1,"17":0,"18":0,"19":0,"20":0,"21":0,"22":0,"23":0,"24":0,"25":0,"26":0,"27":0,"28":0},"f":{"0":1},"b":{"0":[0,1],"1":[0,1],"2":[0,1],"3":[0,1],"4":[1,0],"5":[0,0],"6":[0,0]},"meta":{"lastBranch":7,"lastFunction":1,"lastStatement":29,"seen":{"f:12:22:12:41":0,"s:13:74:13:Infinity":0,"b:15:2:17:Infinity:undefined:undefined:undefined:undefined":0,"s:15:2:17:Infinity":1,"s:16:4:16:Infinity":2,"b:19:2:21:Infinity:undefined:undefined:undefined:undefined":1,"s:19:2:21:Infinity":3,"s:20:4:20:Infinity":4,"b:23:2:25:Infinity:undefined:undefined:undefined:undefined":2,"s:23:2:25:Infinity":5,"s:24:4:24:Infinity":6,"b:27:2:29:Infinity:undefined:undefined:undefined:undefined":3,"s:27:2:29:Infinity":7,"s:28:4:28:Infinity":8,"b:31:2:39:Infinity:undefined:undefined:undefined:undefined":4,"s:31:2:39:Infinity":9,"s:32:4:32:Infinity":10,"s:33:4:33:Infinity":11,"s:34:4:34:Infinity":12,"s:35:4:35:Infinity":13,"s:36:4:36:Infinity":14,"s:37:4:37:Infinity":15,"s:38:4:38:Infinity":16,"s:41:2:41:Infinity":17,"s:42:2:42:Infinity":18,"s:43:2:43:Infinity":19,"s:45:2:59:Infinity":20,"s:46:10:46:Infinity":21,"s:48:19:48:Infinity":22,"b:50:4:58:Infinity:52:11:58:Infinity":5,"s:50:4:58:Infinity":23,"s:51:6:51:Infinity":24,"b:53:6:57:Infinity:55:13:57:Infinity":6,"s:53:6:57:Infinity":25,"s:54:8:54:Infinity":26,"s:56:8:56:Infinity":27,"s:61:2:61:Infinity":28}}}
,"/Users/gustavo.neves/Projects/clean-my-windows/src/commands/scan.ts": {"path":"/Users/gustavo.neves/Projects/clean-my-windows/src/commands/scan.ts","statementMap":{"0":{"start":{"line":7,"column":50},"end":{"line":11,"column":null}},"1":{"start":{"line":20,"column":19},"end":{"line":20,"column":null}},"2":{"start":{"line":20,"column":87},"end":{"line":20,"column":100}},"3":{"start":{"line":21,"column":16},"end":{"line":21,"column":null}},"4":{"start":{"line":22,"column":23},"end":{"line":22,"column":null}},"5":{"start":{"line":24,"column":19},"end":{"line":24,"column":null}},"6":{"start":{"line":28,"column":22},"end":{"line":35,"column":null}},"7":{"start":{"line":33,"column":6},"end":{"line":33,"column":null}},"8":{"start":{"line":37,"column":2},"end":{"line":41,"column":null}},"9":{"start":{"line":38,"column":4},"end":{"line":38,"column":null}},"10":{"start":{"line":40,"column":4},"end":{"line":40,"column":null}},"11":{"start":{"line":43,"column":2},"end":{"line":43,"column":null}},"12":{"start":{"line":45,"column":2},"end":{"line":45,"column":null}},"13":{"start":{"line":47,"column":2},"end":{"line":47,"column":null}},"14":{"start":{"line":51,"column":2},"end":{"line":51,"column":null}},"15":{"start":{"line":52,"column":2},"end":{"line":52,"column":null}},"16":{"start":{"line":53,"column":2},"end":{"line":53,"column":null}},"17":{"start":{"line":55,"column":25},"end":{"line":55,"column":null}},"18":{"start":{"line":57,"column":2},"end":{"line":86,"column":null}},"19":{"start":{"line":58,"column":23},"end":{"line":58,"column":null}},"20":{"start":{"line":58,"column":50},"end":{"line":58,"column":69}},"21":{"start":{"line":60,"column":4},"end":{"line":60,"column":null}},"22":{"start":{"line":60,"column":26},"end":{"line":60,"column":null}},"23":{"start":{"line":62,"column":4},"end":{"line":62,"column":null}},"24":{"start":{"line":63,"column":4},"end":{"line":63,"column":null}},"25":{"start":{"line":65,"column":4},"end":{"line":85,"column":null}},"26":{"start":{"line":66,"column":6},"end":{"line":66,"column":null}},"27":{"start":{"line":66,"column":34},"end":{"line":66,"column":null}},"28":{"start":{"line":68,"column":12},"end":{"line":68,"column":null}},"29":{"start":{"line":69,"column":24},"end":{"line":69,"column":null}},"30":{"start":{"line":70,"column":25},"end":{"line":70,"column":null}},"31":{"start":{"line":72,"column":6},"end":{"line":74,"column":null}},"32":{"start":{"line":76,"column":6},"end":{"line":84,"column":null}},"33":{"start":{"line":77,"column":25},"end":{"line":77,"column":null}},"34":{"start":{"line":77,"column":53},"end":{"line":77,"column":68}},"35":{"start":{"line":78,"column":8},"end":{"line":80,"column":null}},"36":{"start":{"line":79,"column":10},"end":{"line":79,"column":null}},"37":{"start":{"line":81,"column":8},"end":{"line":83,"column":null}},"38":{"start":{"line":82,"column":10},"end":{"line":82,"column":null}},"39":{"start":{"line":88,"column":2},"end":{"line":88,"column":null}},"40":{"start":{"line":89,"column":2},"end":{"line":89,"column":null}},"41":{"start":{"line":90,"column":2},"end":{"line":92,"column":null}},"42":{"start":{"line":93,"column":2},"end":{"line":93,"column":null}},"43":{"start":{"line":94,"column":2},"end":{"line":94,"column":null}},"44":{"start":{"line":95,"column":2},"end":{"line":95,"column":null}},"45":{"start":{"line":99,"column":54},"end":{"line":105,"column":null}},"46":{"start":{"line":107,"column":2},"end":{"line":110,"column":null}},"47":{"start":{"line":108,"column":18},"end":{"line":108,"column":null}},"48":{"start":{"line":109,"column":4},"end":{"line":109,"column":null}},"49":{"start":{"line":112,"column":2},"end":{"line":112,"column":null}},"50":{"start":{"line":116,"column":2},"end":{"line":116,"column":null}},"51":{"start":{"line":117,"column":2},"end":{"line":117,"column":null}},"52":{"start":{"line":118,"column":2},"end":{"line":118,"column":null}},"53":{"start":{"line":120,"column":84},"end":{"line":126,"column":null}},"54":{"start":{"line":128,"column":2},"end":{"line":130,"column":null}},"55":{"start":{"line":129,"column":4},"end":{"line":129,"column":null}},"56":{"start":{"line":132,"column":2},"end":{"line":142,"column":null}},"57":{"start":{"line":133,"column":4},"end":{"line":133,"column":null}},"58":{"start":{"line":134,"column":4},"end":{"line":134,"column":null}},"59":{"start":{"line":135,"column":4},"end":{"line":141,"column":null}},"60":{"start":{"line":136,"column":25},"end":{"line":136,"column":null}},"61":{"start":{"line":137,"column":6},"end":{"line":137,"column":null}},"62":{"start":{"line":138,"column":6},"end":{"line":140,"column":null}},"63":{"start":{"line":139,"column":8},"end":{"line":139,"column":null}},"64":{"start":{"line":144,"column":2},"end":{"line":144,"column":null}},"65":{"start":{"line":145,"column":2},"end":{"line":145,"column":null}},"66":{"start":{"line":146,"column":2},"end":{"line":146,"column":null}}},"fnMap":{"0":{"name":"scanCommand","decl":{"start":{"line":19,"column":22},"end":{"line":19,"column":34}},"loc":{"start":{"line":19,"column":85},"end":{"line":48,"column":null}},"line":19},"1":{"name":"(anonymous_1)","decl":{"start":{"line":20,"column":80},"end":{"line":20,"column":81}},"loc":{"start":{"line":20,"column":87},"end":{"line":20,"column":100}},"line":20},"2":{"name":"(anonymous_2)","decl":{"start":{"line":32,"column":16},"end":{"line":32,"column":17}},"loc":{"start":{"line":32,"column":96},"end":{"line":34,"column":null}},"line":32},"3":{"name":"printScanResults","decl":{"start":{"line":50,"column":9},"end":{"line":50,"column":26}},"loc":{"start":{"line":50,"column":71},"end":{"line":96,"column":null}},"line":50},"4":{"name":"(anonymous_4)","decl":{"start":{"line":58,"column":38},"end":{"line":58,"column":39}},"loc":{"start":{"line":58,"column":50},"end":{"line":58,"column":69}},"line":58},"5":{"name":"(anonymous_5)","decl":{"start":{"line":77,"column":43},"end":{"line":77,"column":44}},"loc":{"start":{"line":77,"column":53},"end":{"line":77,"column":68}},"line":77},"6":{"name":"groupResultsByCategory","decl":{"start":{"line":98,"column":9},"end":{"line":98,"column":32}},"loc":{"start":{"line":98,"column":92},"end":{"line":113,"column":null}},"line":98},"7":{"name":"listCategories","decl":{"start":{"line":115,"column":16},"end":{"line":115,"column":39}},"loc":{"start":{"line":115,"column":39},"end":{"line":147,"column":null}},"line":115}},"branchMap":{"0":{"loc":{"start":{"line":20,"column":19},"end":{"line":20,"column":null}},"type":"cond-expr","locations":[{"start":{"line":20,"column":38},"end":{"line":20,"column":59}},{"start":{"line":20,"column":55},"end":{"line":20,"column":null}}],"line":20},"1":{"loc":{"start":{"line":22,"column":23},"end":{"line":22,"column":null}},"type":"binary-expr","locations":[{"start":{"line":22,"column":23},"end":{"line":22,"column":46}},{"start":{"line":22,"column":46},"end":{"line":22,"column":null}}],"line":22},"2":{"loc":{"start":{"line":24,"column":19},"end":{"line":24,"column":null}},"type":"cond-expr","locations":[{"start":{"line":24,"column":19},"end":{"line":24,"column":62}},{"start":{"line":24,"column":62},"end":{"line":24,"column":null}}],"line":24},"3":{"loc":{"start":{"line":37,"column":2},"end":{"line":41,"column":null}},"type":"if","locations":[{"start":{"line":37,"column":2},"end":{"line":41,"column":null}},{"start":{"line":39,"column":9},"end":{"line":41,"column":null}}],"line":37},"4":{"loc":{"start":{"line":50,"column":48},"end":{"line":50,"column":71}},"type":"default-arg","locations":[{"start":{"line":50,"column":58},"end":{"line":50,"column":71}}],"line":50},"5":{"loc":{"start":{"line":60,"column":4},"end":{"line":60,"column":null}},"type":"if","locations":[{"start":{"line":60,"column":4},"end":{"line":60,"column":null}},{"start":{},"end":{}}],"line":60},"6":{"loc":{"start":{"line":66,"column":6},"end":{"line":66,"column":null}},"type":"if","locations":[{"start":{"line":66,"column":6},"end":{"line":66,"column":null}},{"start":{},"end":{}}],"line":66},"7":{"loc":{"start":{"line":76,"column":6},"end":{"line":84,"column":null}},"type":"if","locations":[{"start":{"line":76,"column":6},"end":{"line":84,"column":null}},{"start":{},"end":{}}],"line":76},"8":{"loc":{"start":{"line":76,"column":10},"end":{"line":76,"column":46}},"type":"binary-expr","locations":[{"start":{"line":76,"column":10},"end":{"line":76,"column":21}},{"start":{"line":76,"column":21},"end":{"line":76,"column":46}}],"line":76},"9":{"loc":{"start":{"line":81,"column":8},"end":{"line":83,"column":null}},"type":"if","locations":[{"start":{"line":81,"column":8},"end":{"line":83,"column":null}},{"start":{},"end":{}}],"line":81},"10":{"loc":{"start":{"line":138,"column":6},"end":{"line":140,"column":null}},"type":"if","locations":[{"start":{"line":138,"column":6},"end":{"line":140,"column":null}},{"start":{},"end":{}}],"line":138}},"s":{"0":1,"1":0,"2":0,"3":0,"4":0,"5":0,"6":0,"7":0,"8":0,"9":0,"10":0,"11":0,"12":0,"13":0,"14":0,"15":0,"16":0,"17":0,"18":0,"19":0,"20":0,"21":0,"22":0,"23":0,"24":0,"25":0,"26":0,"27":0,"28":0,"29":0,"30":0,"31":0,"32":0,"33":0,"34":0,"35":0,"36":0,"37":0,"38":0,"39":0,"40":0,"41":0,"42":0,"43":0,"44":0,"45":0,"46":0,"47":0,"48":0,"49":0,"50":1,"51":1,"52":1,"53":1,"54":1,"55":15,"56":1,"57":5,"58":5,"59":5,"60":15,"61":15,"62":15,"63":10,"64":1,"65":1,"66":1},"f":{"0":0,"1":0,"2":0,"3":0,"4":0,"5":0,"6":0,"7":1},"b":{"0":[0,0],"1":[0,0],"2":[0,0],"3":[0,0],"4":[0],"5":[0,0],"6":[0,0],"7":[0,0],"8":[0,0],"9":[0,0],"10":[10,5]},"meta":{"lastBranch":11,"lastFunction":8,"lastStatement":67,"seen":{"s:7:50:11:Infinity":0,"f:19:22:19:34":0,"s:20:19:20:Infinity":1,"b:20:38:20:59:20:55:20:Infinity":0,"f:20:80:20:81":1,"s:20:87:20:100":2,"s:21:16:21:Infinity":3,"s:22:23:22:Infinity":4,"b:22:23:22:46:22:46:22:Infinity":1,"s:24:19:24:Infinity":5,"b:24:19:24:62:24:62:24:Infinity":2,"s:28:22:35:Infinity":6,"f:32:16:32:17":2,"s:33:6:33:Infinity":7,"b:37:2:41:Infinity:39:9:41:Infinity":3,"s:37:2:41:Infinity":8,"s:38:4:38:Infinity":9,"s:40:4:40:Infinity":10,"s:43:2:43:Infinity":11,"s:45:2:45:Infinity":12,"s:47:2:47:Infinity":13,"f:50:9:50:26":3,"b:50:58:50:71":4,"s:51:2:51:Infinity":14,"s:52:2:52:Infinity":15,"s:53:2:53:Infinity":16,"s:55:25:55:Infinity":17,"s:57:2:86:Infinity":18,"s:58:23:58:Infinity":19,"f:58:38:58:39":4,"s:58:50:58:69":20,"b:60:4:60:Infinity:undefined:undefined:undefined:undefined":5,"s:60:4:60:Infinity":21,"s:60:26:60:Infinity":22,"s:62:4:62:Infinity":23,"s:63:4:63:Infinity":24,"s:65:4:85:Infinity":25,"b:66:6:66:Infinity:undefined:undefined:undefined:undefined":6,"s:66:6:66:Infinity":26,"s:66:34:66:Infinity":27,"s:68:12:68:Infinity":28,"s:69:24:69:Infinity":29,"s:70:25:70:Infinity":30,"s:72:6:74:Infinity":31,"b:76:6:84:Infinity:undefined:undefined:undefined:undefined":7,"s:76:6:84:Infinity":32,"b:76:10:76:21:76:21:76:46":8,"s:77:25:77:Infinity":33,"f:77:43:77:44":5,"s:77:53:77:68":34,"s:78:8:80:Infinity":35,"s:79:10:79:Infinity":36,"b:81:8:83:Infinity:undefined:undefined:undefined:undefined":9,"s:81:8:83:Infinity":37,"s:82:10:82:Infinity":38,"s:88:2:88:Infinity":39,"s:89:2:89:Infinity":40,"s:90:2:92:Infinity":41,"s:93:2:93:Infinity":42,"s:94:2:94:Infinity":43,"s:95:2:95:Infinity":44,"f:98:9:98:32":6,"s:99:54:105:Infinity":45,"s:107:2:110:Infinity":46,"s:108:18:108:Infinity":47,"s:109:4:109:Infinity":48,"s:112:2:112:Infinity":49,"f:115:16:115:39":7,"s:116:2:116:Infinity":50,"s:117:2:117:Infinity":51,"s:118:2:118:Infinity":52,"s:120:84:126:Infinity":53,"s:128:2:130:Infinity":54,"s:129:4:129:Infinity":55,"s:132:2:142:Infinity":56,"s:133:4:133:Infinity":57,"s:134:4:134:Infinity":58,"s:135:4:141:Infinity":59,"s:136:25:136:Infinity":60,"s:137:6:137:Infinity":61,"b:138:6:140:Infinity:undefined:undefined:undefined:undefined":10,"s:138:6:140:Infinity":62,"s:139:8:139:Infinity":63,"s:144:2:144:Infinity":64,"s:145:2:145:Infinity":65,"s:146:2:146:Infinity":66}}}
,"/Users/gustavo.neves/Projects/clean-my-windows/src/maintenance/disk-cleanup.ts": {"path":"/Users/gustavo.neves/Projects/clean-my-windows/src/maintenance/disk-cleanup.ts","statementMap":{"0":{"start":{"line":4,"column":6},"end":{"line":4,"column":null}},"1":{"start":{"line":13,"column":2},"end":{"line":35,"column":null}},"2":{"start":{"line":14,"column":4},"end":{"line":14,"column":null}},"3":{"start":{"line":16,"column":4},"end":{"line":19,"column":null}},"4":{"start":{"line":21,"column":4},"end":{"line":34,"column":null}},"5":{"start":{"line":22,"column":6},"end":{"line":22,"column":null}},"6":{"start":{"line":24,"column":6},"end":{"line":27,"column":null}},"7":{"start":{"line":29,"column":6},"end":{"line":33,"column":null}},"8":{"start":{"line":39,"column":2},"end":{"line":54,"column":null}},"9":{"start":{"line":40,"column":4},"end":{"line":42,"column":null}},"10":{"start":{"line":44,"column":4},"end":{"line":47,"column":null}},"11":{"start":{"line":49,"column":4},"end":{"line":53,"column":null}},"12":{"start":{"line":58,"column":2},"end":{"line":75,"column":null}},"13":{"start":{"line":59,"column":4},"end":{"line":59,"column":null}},"14":{"start":{"line":60,"column":4},"end":{"line":62,"column":null}},"15":{"start":{"line":63,"column":4},"end":{"line":63,"column":null}},"16":{"start":{"line":65,"column":4},"end":{"line":68,"column":null}},"17":{"start":{"line":70,"column":4},"end":{"line":74,"column":null}}},"fnMap":{"0":{"name":"runDiskCleanup","decl":{"start":{"line":12,"column":22},"end":{"line":12,"column":67}},"loc":{"start":{"line":12,"column":67},"end":{"line":36,"column":null}},"line":12},"1":{"name":"clearThumbnailCache","decl":{"start":{"line":38,"column":22},"end":{"line":38,"column":72}},"loc":{"start":{"line":38,"column":72},"end":{"line":55,"column":null}},"line":38},"2":{"name":"clearFontCache","decl":{"start":{"line":57,"column":22},"end":{"line":57,"column":67}},"loc":{"start":{"line":57,"column":67},"end":{"line":76,"column":null}},"line":57}},"branchMap":{"0":{"loc":{"start":{"line":32,"column":15},"end":{"line":32,"column":null}},"type":"cond-expr","locations":[{"start":{"line":32,"column":40},"end":{"line":32,"column":56}},{"start":{"line":32,"column":56},"end":{"line":32,"column":null}}],"line":32},"1":{"loc":{"start":{"line":52,"column":13},"end":{"line":52,"column":null}},"type":"cond-expr","locations":[{"start":{"line":52,"column":38},"end":{"line":52,"column":54}},{"start":{"line":52,"column":54},"end":{"line":52,"column":null}}],"line":52},"2":{"loc":{"start":{"line":73,"column":13},"end":{"line":73,"column":null}},"type":"cond-expr","locations":[{"start":{"line":73,"column":38},"end":{"line":73,"column":54}},{"start":{"line":73,"column":54},"end":{"line":73,"column":null}}],"line":73}},"s":{"0":2,"1":1,"2":1,"3":0,"4":1,"5":1,"6":0,"7":1,"8":1,"9":1,"10":0,"11":1,"12":1,"13":1,"14":0,"15":0,"16":0,"17":1},"f":{"0":1,"1":1,"2":1},"b":{"0":[1,0],"1":[1,0],"2":[1,0]},"meta":{"lastBranch":3,"lastFunction":3,"lastStatement":18,"seen":{"s:4:6:4:Infinity":0,"f:12:22:12:67":0,"s:13:2:35:Infinity":1,"s:14:4:14:Infinity":2,"s:16:4:19:Infinity":3,"s:21:4:34:Infinity":4,"s:22:6:22:Infinity":5,"s:24:6:27:Infinity":6,"s:29:6:33:Infinity":7,"b:32:40:32:56:32:56:32:Infinity":0,"f:38:22:38:72":1,"s:39:2:54:Infinity":8,"s:40:4:42:Infinity":9,"s:44:4:47:Infinity":10,"s:49:4:53:Infinity":11,"b:52:38:52:54:52:54:52:Infinity":1,"f:57:22:57:67":2,"s:58:2:75:Infinity":12,"s:59:4:59:Infinity":13,"s:60:4:62:Infinity":14,"s:63:4:63:Infinity":15,"s:65:4:68:Infinity":16,"s:70:4:74:Infinity":17,"b:73:38:73:54:73:54:73:Infinity":2}}}
,"/Users/gustavo.neves/Projects/clean-my-windows/src/maintenance/dns-cache.ts": {"path":"/Users/gustavo.neves/Projects/clean-my-windows/src/maintenance/dns-cache.ts","statementMap":{"0":{"start":{"line":4,"column":6},"end":{"line":4,"column":null}},"1":{"start":{"line":13,"column":2},"end":{"line":26,"column":null}},"2":{"start":{"line":14,"column":4},"end":{"line":14,"column":null}},"3":{"start":{"line":16,"column":4},"end":{"line":19,"column":null}},"4":{"start":{"line":21,"column":4},"end":{"line":25,"column":null}}},"fnMap":{"0":{"name":"flushDnsCache","decl":{"start":{"line":12,"column":22},"end":{"line":12,"column":66}},"loc":{"start":{"line":12,"column":66},"end":{"line":27,"column":null}},"line":12}},"branchMap":{"0":{"loc":{"start":{"line":24,"column":13},"end":{"line":24,"column":null}},"type":"cond-expr","locations":[{"start":{"line":24,"column":38},"end":{"line":24,"column":54}},{"start":{"line":24,"column":54},"end":{"line":24,"column":null}}],"line":24}},"s":{"0":3,"1":2,"2":2,"3":0,"4":2},"f":{"0":2},"b":{"0":[2,0]},"meta":{"lastBranch":1,"lastFunction":1,"lastStatement":5,"seen":{"s:4:6:4:Infinity":0,"f:12:22:12:66":0,"s:13:2:26:Infinity":1,"s:14:4:14:Infinity":2,"s:16:4:19:Infinity":3,"s:21:4:25:Infinity":4,"b:24:38:24:54:24:54:24:Infinity":0}}}
,"/Users/gustavo.neves/Projects/clean-my-windows/src/scanners/base-scanner.ts": {"path":"/Users/gustavo.neves/Projects/clean-my-windows/src/scanners/base-scanner.ts","statementMap":{"0":{"start":{"line":10,"column":19},"end":{"line":10,"column":null}},"1":{"start":{"line":12,"column":4},"end":{"line":17,"column":null}},"2":{"start":{"line":21,"column":22},"end":{"line":21,"column":null}},"3":{"start":{"line":21,"column":50},"end":{"line":21,"column":67}},"4":{"start":{"line":22,"column":4},"end":{"line":27,"column":null}}},"fnMap":{"0":{"name":"(anonymous_0)","decl":{"start":{"line":9,"column":8},"end":{"line":9,"column":14}},"loc":{"start":{"line":9,"column":76},"end":{"line":18,"column":null}},"line":9},"1":{"name":"(anonymous_1)","decl":{"start":{"line":20,"column":12},"end":{"line":20,"column":25}},"loc":{"start":{"line":20,"column":77},"end":{"line":28,"column":null}},"line":20},"2":{"name":"(anonymous_2)","decl":{"start":{"line":21,"column":35},"end":{"line":21,"column":36}},"loc":{"start":{"line":21,"column":50},"end":{"line":21,"column":67}},"line":21}},"branchMap":{"0":{"loc":{"start":{"line":9,"column":38},"end":{"line":9,"column":76}},"type":"default-arg","locations":[{"start":{"line":9,"column":47},"end":{"line":9,"column":76}}],"line":9},"1":{"loc":{"start":{"line":16,"column":14},"end":{"line":16,"column":null}},"type":"cond-expr","locations":[{"start":{"line":16,"column":34},"end":{"line":16,"column":80}},{"start":{"line":16,"column":80},"end":{"line":16,"column":null}}],"line":16}},"s":{"0":2,"1":2,"2":27,"3":16,"4":27},"f":{"0":2,"1":27,"2":16},"b":{"0":[2],"1":[0,2]},"meta":{"lastBranch":2,"lastFunction":3,"lastStatement":5,"seen":{"f:9:8:9:14":0,"b:9:47:9:76":0,"s:10:19:10:Infinity":0,"s:12:4:17:Infinity":1,"b:16:34:16:80:16:80:16:Infinity":1,"f:20:12:20:25":1,"s:21:22:21:Infinity":2,"f:21:35:21:36":2,"s:21:50:21:67":3,"s:22:4:27:Infinity":4}}}
,"/Users/gustavo.neves/Projects/clean-my-windows/src/scanners/browser-cache.ts": {"path":"/Users/gustavo.neves/Projects/clean-my-windows/src/scanners/browser-cache.ts","statementMap":{"0":{"start":{"line":8,"column":13},"end":{"line":8,"column":null}},"1":{"start":{"line":11,"column":35},"end":{"line":11,"column":null}},"2":{"start":{"line":13,"column":25},"end":{"line":18,"column":null}},"3":{"start":{"line":20,"column":4},"end":{"line":36,"column":null}},"4":{"start":{"line":21,"column":6},"end":{"line":35,"column":null}},"5":{"start":{"line":22,"column":8},"end":{"line":34,"column":null}},"6":{"start":{"line":23,"column":23},"end":{"line":23,"column":null}},"7":{"start":{"line":24,"column":24},"end":{"line":24,"column":null}},"8":{"start":{"line":25,"column":10},"end":{"line":31,"column":null}},"9":{"start":{"line":33,"column":10},"end":{"line":33,"column":null}},"10":{"start":{"line":38,"column":4},"end":{"line":58,"column":null}},"11":{"start":{"line":39,"column":6},"end":{"line":57,"column":null}},"12":{"start":{"line":40,"column":25},"end":{"line":40,"column":null}},"13":{"start":{"line":41,"column":8},"end":{"line":54,"column":null}},"14":{"start":{"line":42,"column":16},"end":{"line":42,"column":null}},"15":{"start":{"line":43,"column":10},"end":{"line":53,"column":null}},"16":{"start":{"line":44,"column":25},"end":{"line":44,"column":null}},"17":{"start":{"line":45,"column":26},"end":{"line":45,"column":null}},"18":{"start":{"line":46,"column":12},"end":{"line":52,"column":null}},"19":{"start":{"line":60,"column":4},"end":{"line":60,"column":null}}},"fnMap":{"0":{"name":"(anonymous_0)","decl":{"start":{"line":10,"column":8},"end":{"line":10,"column":13}},"loc":{"start":{"line":10,"column":61},"end":{"line":61,"column":null}},"line":10}},"branchMap":{"0":{"loc":{"start":{"line":21,"column":6},"end":{"line":35,"column":null}},"type":"if","locations":[{"start":{"line":21,"column":6},"end":{"line":35,"column":null}},{"start":{},"end":{}}],"line":21},"1":{"loc":{"start":{"line":38,"column":4},"end":{"line":58,"column":null}},"type":"if","locations":[{"start":{"line":38,"column":4},"end":{"line":58,"column":null}},{"start":{},"end":{}}],"line":38},"2":{"loc":{"start":{"line":43,"column":10},"end":{"line":53,"column":null}},"type":"if","locations":[{"start":{"line":43,"column":10},"end":{"line":53,"column":null}},{"start":{},"end":{}}],"line":43}},"s":{"0":5,"1":2,"2":2,"3":2,"4":8,"5":0,"6":0,"7":0,"8":0,"9":0,"10":2,"11":0,"12":0,"13":0,"14":0,"15":0,"16":0,"17":0,"18":0,"19":2},"f":{"0":2},"b":{"0":[0,8],"1":[0,2],"2":[0,0]},"meta":{"lastBranch":3,"lastFunction":1,"lastStatement":20,"seen":{"s:8:13:8:Infinity":0,"f:10:8:10:13":0,"s:11:35:11:Infinity":1,"s:13:25:18:Infinity":2,"s:20:4:36:Infinity":3,"b:21:6:35:Infinity:undefined:undefined:undefined:undefined":0,"s:21:6:35:Infinity":4,"s:22:8:34:Infinity":5,"s:23:23:23:Infinity":6,"s:24:24:24:Infinity":7,"s:25:10:31:Infinity":8,"s:33:10:33:Infinity":9,"b:38:4:58:Infinity:undefined:undefined:undefined:undefined":1,"s:38:4:58:Infinity":10,"s:39:6:57:Infinity":11,"s:40:25:40:Infinity":12,"s:41:8:54:Infinity":13,"s:42:16:42:Infinity":14,"b:43:10:53:Infinity:undefined:undefined:undefined:undefined":2,"s:43:10:53:Infinity":15,"s:44:25:44:Infinity":16,"s:45:26:45:Infinity":17,"s:46:12:52:Infinity":18,"s:60:4:60:Infinity":19}}}
,"/Users/gustavo.neves/Projects/clean-my-windows/src/scanners/dev-cache.ts": {"path":"/Users/gustavo.neves/Projects/clean-my-windows/src/scanners/dev-cache.ts","statementMap":{"0":{"start":{"line":7,"column":13},"end":{"line":7,"column":null}},"1":{"start":{"line":10,"column":35},"end":{"line":10,"column":null}},"2":{"start":{"line":12,"column":21},"end":{"line":20,"column":null}},"3":{"start":{"line":22,"column":4},"end":{"line":40,"column":null}},"4":{"start":{"line":23,"column":6},"end":{"line":39,"column":null}},"5":{"start":{"line":24,"column":8},"end":{"line":38,"column":null}},"6":{"start":{"line":25,"column":23},"end":{"line":25,"column":null}},"7":{"start":{"line":26,"column":10},"end":{"line":35,"column":null}},"8":{"start":{"line":27,"column":26},"end":{"line":27,"column":null}},"9":{"start":{"line":28,"column":12},"end":{"line":34,"column":null}},"10":{"start":{"line":37,"column":10},"end":{"line":37,"column":null}},"11":{"start":{"line":42,"column":4},"end":{"line":42,"column":null}}},"fnMap":{"0":{"name":"(anonymous_0)","decl":{"start":{"line":9,"column":8},"end":{"line":9,"column":13}},"loc":{"start":{"line":9,"column":61},"end":{"line":43,"column":null}},"line":9}},"branchMap":{"0":{"loc":{"start":{"line":23,"column":6},"end":{"line":39,"column":null}},"type":"if","locations":[{"start":{"line":23,"column":6},"end":{"line":39,"column":null}},{"start":{},"end":{}}],"line":23},"1":{"loc":{"start":{"line":26,"column":10},"end":{"line":35,"column":null}},"type":"if","locations":[{"start":{"line":26,"column":10},"end":{"line":35,"column":null}},{"start":{},"end":{}}],"line":26}},"s":{"0":5,"1":2,"2":2,"3":2,"4":14,"5":2,"6":2,"7":2,"8":2,"9":2,"10":0,"11":2},"f":{"0":2},"b":{"0":[2,12],"1":[2,0]},"meta":{"lastBranch":2,"lastFunction":1,"lastStatement":12,"seen":{"s:7:13:7:Infinity":0,"f:9:8:9:13":0,"s:10:35:10:Infinity":1,"s:12:21:20:Infinity":2,"s:22:4:40:Infinity":3,"b:23:6:39:Infinity:undefined:undefined:undefined:undefined":0,"s:23:6:39:Infinity":4,"s:24:8:38:Infinity":5,"s:25:23:25:Infinity":6,"b:26:10:35:Infinity:undefined:undefined:undefined:undefined":1,"s:26:10:35:Infinity":7,"s:27:26:27:Infinity":8,"s:28:12:34:Infinity":9,"s:37:10:37:Infinity":10,"s:42:4:42:Infinity":11}}}
,"/Users/gustavo.neves/Projects/clean-my-windows/src/scanners/docker.ts": {"path":"/Users/gustavo.neves/Projects/clean-my-windows/src/scanners/docker.ts","statementMap":{"0":{"start":{"line":6,"column":6},"end":{"line":6,"column":null}},"1":{"start":{"line":9,"column":13},"end":{"line":9,"column":null}},"2":{"start":{"line":12,"column":35},"end":{"line":12,"column":null}},"3":{"start":{"line":14,"column":4},"end":{"line":33,"column":null}},"4":{"start":{"line":15,"column":25},"end":{"line":15,"column":null}},"5":{"start":{"line":16,"column":20},"end":{"line":16,"column":null}},"6":{"start":{"line":18,"column":6},"end":{"line":30,"column":null}},"7":{"start":{"line":19,"column":38},"end":{"line":19,"column":null}},"8":{"start":{"line":20,"column":33},"end":{"line":20,"column":null}},"9":{"start":{"line":22,"column":8},"end":{"line":29,"column":null}},"10":{"start":{"line":23,"column":10},"end":{"line":28,"column":null}},"11":{"start":{"line":35,"column":4},"end":{"line":35,"column":null}},"12":{"start":{"line":39,"column":18},"end":{"line":39,"column":null}},"13":{"start":{"line":40,"column":4},"end":{"line":40,"column":null}},"14":{"start":{"line":40,"column":16},"end":{"line":40,"column":null}},"15":{"start":{"line":42,"column":18},"end":{"line":42,"column":null}},"16":{"start":{"line":43,"column":17},"end":{"line":43,"column":null}},"17":{"start":{"line":45,"column":48},"end":{"line":51,"column":null}},"18":{"start":{"line":53,"column":4},"end":{"line":53,"column":null}},"19":{"start":{"line":57,"column":4},"end":{"line":64,"column":null}},"20":{"start":{"line":58,"column":6},"end":{"line":63,"column":null}},"21":{"start":{"line":61,"column":48},"end":{"line":61,"column":65}},"22":{"start":{"line":66,"column":29},"end":{"line":66,"column":null}},"23":{"start":{"line":67,"column":21},"end":{"line":67,"column":null}},"24":{"start":{"line":69,"column":4},"end":{"line":75,"column":null}},"25":{"start":{"line":70,"column":25},"end":{"line":70,"column":null}},"26":{"start":{"line":70,"column":53},"end":{"line":70,"column":70}},"27":{"start":{"line":71,"column":6},"end":{"line":71,"column":null}},"28":{"start":{"line":72,"column":6},"end":{"line":72,"column":null}},"29":{"start":{"line":74,"column":6},"end":{"line":74,"column":null}},"30":{"start":{"line":77,"column":4},"end":{"line":82,"column":null}}},"fnMap":{"0":{"name":"(anonymous_0)","decl":{"start":{"line":11,"column":8},"end":{"line":11,"column":13}},"loc":{"start":{"line":11,"column":61},"end":{"line":36,"column":null}},"line":11},"1":{"name":"(anonymous_1)","decl":{"start":{"line":38,"column":10},"end":{"line":38,"column":26}},"loc":{"start":{"line":38,"column":51},"end":{"line":54,"column":null}},"line":38},"2":{"name":"(anonymous_2)","decl":{"start":{"line":56,"column":8},"end":{"line":56,"column":14}},"loc":{"start":{"line":56,"column":76},"end":{"line":83,"column":null}},"line":56},"3":{"name":"(anonymous_3)","decl":{"start":{"line":61,"column":33},"end":{"line":61,"column":34}},"loc":{"start":{"line":61,"column":48},"end":{"line":61,"column":65}},"line":61},"4":{"name":"(anonymous_4)","decl":{"start":{"line":70,"column":38},"end":{"line":70,"column":39}},"loc":{"start":{"line":70,"column":53},"end":{"line":70,"column":70}},"line":70}},"branchMap":{"0":{"loc":{"start":{"line":22,"column":8},"end":{"line":29,"column":null}},"type":"if","locations":[{"start":{"line":22,"column":8},"end":{"line":29,"column":null}},{"start":{},"end":{}}],"line":22},"1":{"loc":{"start":{"line":40,"column":4},"end":{"line":40,"column":null}},"type":"if","locations":[{"start":{"line":40,"column":4},"end":{"line":40,"column":null}},{"start":{},"end":{}}],"line":40},"2":{"loc":{"start":{"line":53,"column":20},"end":{"line":53,"column":null}},"type":"binary-expr","locations":[{"start":{"line":53,"column":20},"end":{"line":53,"column":41}},{"start":{"line":53,"column":41},"end":{"line":53,"column":null}}],"line":53},"3":{"loc":{"start":{"line":56,"column":38},"end":{"line":56,"column":76}},"type":"default-arg","locations":[{"start":{"line":56,"column":47},"end":{"line":56,"column":76}}],"line":56},"4":{"loc":{"start":{"line":57,"column":4},"end":{"line":64,"column":null}},"type":"if","locations":[{"start":{"line":57,"column":4},"end":{"line":64,"column":null}},{"start":{},"end":{}}],"line":57},"5":{"loc":{"start":{"line":79,"column":20},"end":{"line":79,"column":null}},"type":"cond-expr","locations":[{"start":{"line":79,"column":42},"end":{"line":79,"column":57}},{"start":{"line":79,"column":57},"end":{"line":79,"column":null}}],"line":79}},"s":{"0":4,"1":6,"2":2,"3":2,"4":2,"5":2,"6":2,"7":8,"8":8,"9":8,"10":4,"11":2,"12":8,"13":8,"14":0,"15":8,"16":8,"17":8,"18":8,"19":1,"20":1,"21":0,"22":0,"23":0,"24":0,"25":0,"26":0,"27":0,"28":0,"29":0,"30":0},"f":{"0":2,"1":8,"2":1,"3":0,"4":0},"b":{"0":[4,4],"1":[0,8],"2":[8,0],"3":[1],"4":[1,0],"5":[0,0]},"meta":{"lastBranch":6,"lastFunction":5,"lastStatement":31,"seen":{"s:6:6:6:Infinity":0,"s:9:13:9:Infinity":1,"f:11:8:11:13":0,"s:12:35:12:Infinity":2,"s:14:4:33:Infinity":3,"s:15:25:15:Infinity":4,"s:16:20:16:Infinity":5,"s:18:6:30:Infinity":6,"s:19:38:19:Infinity":7,"s:20:33:20:Infinity":8,"b:22:8:29:Infinity:undefined:undefined:undefined:undefined":0,"s:22:8:29:Infinity":9,"s:23:10:28:Infinity":10,"s:35:4:35:Infinity":11,"f:38:10:38:26":1,"s:39:18:39:Infinity":12,"b:40:4:40:Infinity:undefined:undefined:undefined:undefined":1,"s:40:4:40:Infinity":13,"s:40:16:40:Infinity":14,"s:42:18:42:Infinity":15,"s:43:17:43:Infinity":16,"s:45:48:51:Infinity":17,"s:53:4:53:Infinity":18,"b:53:20:53:41:53:41:53:Infinity":2,"f:56:8:56:14":2,"b:56:47:56:76":3,"b:57:4:64:Infinity:undefined:undefined:undefined:undefined":4,"s:57:4:64:Infinity":19,"s:58:6:63:Infinity":20,"f:61:33:61:34":3,"s:61:48:61:65":21,"s:66:29:66:Infinity":22,"s:67:21:67:Infinity":23,"s:69:4:75:Infinity":24,"s:70:25:70:Infinity":25,"f:70:38:70:39":4,"s:70:53:70:70":26,"s:71:6:71:Infinity":27,"s:72:6:72:Infinity":28,"s:74:6:74:Infinity":29,"s:77:4:82:Infinity":30,"b:79:42:79:57:79:57:79:Infinity":5}}}
,"/Users/gustavo.neves/Projects/clean-my-windows/src/scanners/downloads.ts": {"path":"/Users/gustavo.neves/Projects/clean-my-windows/src/scanners/downloads.ts","statementMap":{"0":{"start":{"line":6,"column":13},"end":{"line":6,"column":null}},"1":{"start":{"line":9,"column":20},"end":{"line":9,"column":null}},"2":{"start":{"line":10,"column":18},"end":{"line":10,"column":null}},"3":{"start":{"line":12,"column":4},"end":{"line":18,"column":null}},"4":{"start":{"line":13,"column":28},"end":{"line":16,"column":null}},"5":{"start":{"line":17,"column":6},"end":{"line":17,"column":null}},"6":{"start":{"line":20,"column":4},"end":{"line":20,"column":null}}},"fnMap":{"0":{"name":"(anonymous_0)","decl":{"start":{"line":8,"column":8},"end":{"line":8,"column":13}},"loc":{"start":{"line":8,"column":60},"end":{"line":21,"column":null}},"line":8}},"branchMap":{"0":{"loc":{"start":{"line":9,"column":20},"end":{"line":9,"column":null}},"type":"binary-expr","locations":[{"start":{"line":9,"column":20},"end":{"line":9,"column":40}},{"start":{"line":9,"column":40},"end":{"line":9,"column":null}}],"line":9},"1":{"loc":{"start":{"line":12,"column":4},"end":{"line":18,"column":null}},"type":"if","locations":[{"start":{"line":12,"column":4},"end":{"line":18,"column":null}},{"start":{},"end":{}}],"line":12}},"s":{"0":6,"1":3,"2":3,"3":3,"4":3,"5":3,"6":3},"f":{"0":3},"b":{"0":[3,2],"1":[3,0]},"meta":{"lastBranch":2,"lastFunction":1,"lastStatement":7,"seen":{"s:6:13:6:Infinity":0,"f:8:8:8:13":0,"s:9:20:9:Infinity":1,"b:9:20:9:40:9:40:9:Infinity":0,"s:10:18:10:Infinity":2,"b:12:4:18:Infinity:undefined:undefined:undefined:undefined":1,"s:12:4:18:Infinity":3,"s:13:28:16:Infinity":4,"s:17:6:17:Infinity":5,"s:20:4:20:Infinity":6}}}
,"/Users/gustavo.neves/Projects/clean-my-windows/src/scanners/large-files.ts": {"path":"/Users/gustavo.neves/Projects/clean-my-windows/src/scanners/large-files.ts","statementMap":{"0":{"start":{"line":8,"column":13},"end":{"line":8,"column":null}},"1":{"start":{"line":11,"column":20},"end":{"line":11,"column":null}},"2":{"start":{"line":12,"column":35},"end":{"line":12,"column":null}},"3":{"start":{"line":14,"column":24},"end":{"line":14,"column":null}},"4":{"start":{"line":16,"column":4},"end":{"line":21,"column":null}},"5":{"start":{"line":17,"column":6},"end":{"line":20,"column":null}},"6":{"start":{"line":18,"column":22},"end":{"line":18,"column":null}},"7":{"start":{"line":19,"column":8},"end":{"line":19,"column":null}},"8":{"start":{"line":23,"column":4},"end":{"line":23,"column":null}},"9":{"start":{"line":23,"column":25},"end":{"line":23,"column":40}},"10":{"start":{"line":25,"column":4},"end":{"line":25,"column":null}},"11":{"start":{"line":34,"column":35},"end":{"line":34,"column":null}},"12":{"start":{"line":36,"column":4},"end":{"line":36,"column":null}},"13":{"start":{"line":36,"column":33},"end":{"line":36,"column":null}},"14":{"start":{"line":38,"column":4},"end":{"line":68,"column":null}},"15":{"start":{"line":39,"column":22},"end":{"line":39,"column":null}},"16":{"start":{"line":41,"column":6},"end":{"line":65,"column":null}},"17":{"start":{"line":42,"column":8},"end":{"line":42,"column":null}},"18":{"start":{"line":42,"column":40},"end":{"line":42,"column":null}},"19":{"start":{"line":44,"column":14},"end":{"line":44,"column":null}},"20":{"start":{"line":46,"column":8},"end":{"line":64,"column":null}},"21":{"start":{"line":47,"column":10},"end":{"line":61,"column":null}},"22":{"start":{"line":48,"column":26},"end":{"line":48,"column":null}},"23":{"start":{"line":49,"column":12},"end":{"line":57,"column":null}},"24":{"start":{"line":50,"column":14},"end":{"line":56,"column":null}},"25":{"start":{"line":58,"column":10},"end":{"line":61,"column":null}},"26":{"start":{"line":59,"column":29},"end":{"line":59,"column":null}},"27":{"start":{"line":60,"column":12},"end":{"line":60,"column":null}},"28":{"start":{"line":63,"column":10},"end":{"line":63,"column":null}},"29":{"start":{"line":70,"column":4},"end":{"line":70,"column":null}}},"fnMap":{"0":{"name":"(anonymous_0)","decl":{"start":{"line":10,"column":8},"end":{"line":10,"column":13}},"loc":{"start":{"line":10,"column":60},"end":{"line":26,"column":null}},"line":10},"1":{"name":"(anonymous_1)","decl":{"start":{"line":23,"column":15},"end":{"line":23,"column":16}},"loc":{"start":{"line":23,"column":25},"end":{"line":23,"column":40}},"line":23},"2":{"name":"(anonymous_2)","decl":{"start":{"line":28,"column":16},"end":{"line":28,"column":null}},"loc":{"start":{"line":33,"column":30},"end":{"line":71,"column":null}},"line":33}},"branchMap":{"0":{"loc":{"start":{"line":11,"column":20},"end":{"line":11,"column":null}},"type":"binary-expr","locations":[{"start":{"line":11,"column":20},"end":{"line":11,"column":40}},{"start":{"line":11,"column":40},"end":{"line":11,"column":null}}],"line":11},"1":{"loc":{"start":{"line":17,"column":6},"end":{"line":20,"column":null}},"type":"if","locations":[{"start":{"line":17,"column":6},"end":{"line":20,"column":null}},{"start":{},"end":{}}],"line":17},"2":{"loc":{"start":{"line":32,"column":4},"end":{"line":32,"column":null}},"type":"default-arg","locations":[{"start":{"line":32,"column":19},"end":{"line":32,"column":null}}],"line":32},"3":{"loc":{"start":{"line":36,"column":4},"end":{"line":36,"column":null}},"type":"if","locations":[{"start":{"line":36,"column":4},"end":{"line":36,"column":null}},{"start":{},"end":{}}],"line":36},"4":{"loc":{"start":{"line":42,"column":8},"end":{"line":42,"column":null}},"type":"if","locations":[{"start":{"line":42,"column":8},"end":{"line":42,"column":null}},{"start":{},"end":{}}],"line":42},"5":{"loc":{"start":{"line":47,"column":10},"end":{"line":61,"column":null}},"type":"if","locations":[{"start":{"line":47,"column":10},"end":{"line":61,"column":null}},{"start":{"line":58,"column":10},"end":{"line":61,"column":null}}],"line":47},"6":{"loc":{"start":{"line":49,"column":12},"end":{"line":57,"column":null}},"type":"if","locations":[{"start":{"line":49,"column":12},"end":{"line":57,"column":null}},{"start":{},"end":{}}],"line":49},"7":{"loc":{"start":{"line":58,"column":10},"end":{"line":61,"column":null}},"type":"if","locations":[{"start":{"line":58,"column":10},"end":{"line":61,"column":null}},{"start":{},"end":{}}],"line":58}},"s":{"0":6,"1":3,"2":3,"3":3,"4":3,"5":6,"6":6,"7":6,"8":3,"9":0,"10":3,"11":1569,"12":1569,"13":1410,"14":159,"15":159,"16":159,"17":2715,"18":114,"19":2601,"20":2601,"21":2601,"22":1038,"23":1038,"24":0,"25":1563,"26":1563,"27":1563,"28":0,"29":159},"f":{"0":3,"1":0,"2":1569},"b":{"0":[3,2],"1":[6,0],"2":[1569],"3":[1410,159],"4":[114,2601],"5":[1038,1563],"6":[0,1038],"7":[1563,0]},"meta":{"lastBranch":8,"lastFunction":3,"lastStatement":30,"seen":{"s:8:13:8:Infinity":0,"f:10:8:10:13":0,"s:11:20:11:Infinity":1,"b:11:20:11:40:11:40:11:Infinity":0,"s:12:35:12:Infinity":2,"s:14:24:14:Infinity":3,"s:16:4:21:Infinity":4,"b:17:6:20:Infinity:undefined:undefined:undefined:undefined":1,"s:17:6:20:Infinity":5,"s:18:22:18:Infinity":6,"s:19:8:19:Infinity":7,"s:23:4:23:Infinity":8,"f:23:15:23:16":1,"s:23:25:23:40":9,"s:25:4:25:Infinity":10,"f:28:16:28:Infinity":2,"b:32:19:32:Infinity":2,"s:34:35:34:Infinity":11,"b:36:4:36:Infinity:undefined:undefined:undefined:undefined":3,"s:36:4:36:Infinity":12,"s:36:33:36:Infinity":13,"s:38:4:68:Infinity":14,"s:39:22:39:Infinity":15,"s:41:6:65:Infinity":16,"b:42:8:42:Infinity:undefined:undefined:undefined:undefined":4,"s:42:8:42:Infinity":17,"s:42:40:42:Infinity":18,"s:44:14:44:Infinity":19,"s:46:8:64:Infinity":20,"b:47:10:61:Infinity:58:10:61:Infinity":5,"s:47:10:61:Infinity":21,"s:48:26:48:Infinity":22,"b:49:12:57:Infinity:undefined:undefined:undefined:undefined":6,"s:49:12:57:Infinity":23,"s:50:14:56:Infinity":24,"b:58:10:61:Infinity:undefined:undefined:undefined:undefined":7,"s:58:10:61:Infinity":25,"s:59:29:59:Infinity":26,"s:60:12:60:Infinity":27,"s:63:10:63:Infinity":28,"s:70:4:70:Infinity":29}}}
,"/Users/gustavo.neves/Projects/clean-my-windows/src/scanners/system-cache.ts": {"path":"/Users/gustavo.neves/Projects/clean-my-windows/src/scanners/system-cache.ts","statementMap":{"0":{"start":{"line":6,"column":13},"end":{"line":6,"column":null}},"1":{"start":{"line":9,"column":18},"end":{"line":9,"column":null}},"2":{"start":{"line":11,"column":4},"end":{"line":14,"column":null}},"3":{"start":{"line":12,"column":29},"end":{"line":12,"column":null}},"4":{"start":{"line":13,"column":6},"end":{"line":13,"column":null}},"5":{"start":{"line":16,"column":4},"end":{"line":16,"column":null}}},"fnMap":{"0":{"name":"(anonymous_0)","decl":{"start":{"line":8,"column":8},"end":{"line":8,"column":13}},"loc":{"start":{"line":8,"column":61},"end":{"line":17,"column":null}},"line":8}},"branchMap":{"0":{"loc":{"start":{"line":11,"column":4},"end":{"line":14,"column":null}},"type":"if","locations":[{"start":{"line":11,"column":4},"end":{"line":14,"column":null}},{"start":{},"end":{}}],"line":11}},"s":{"0":5,"1":2,"2":2,"3":0,"4":0,"5":2},"f":{"0":2},"b":{"0":[0,2]},"meta":{"lastBranch":1,"lastFunction":1,"lastStatement":6,"seen":{"s:6:13:6:Infinity":0,"f:8:8:8:13":0,"s:9:18:9:Infinity":1,"b:11:4:14:Infinity:undefined:undefined:undefined:undefined":0,"s:11:4:14:Infinity":2,"s:12:29:12:Infinity":3,"s:13:6:13:Infinity":4,"s:16:4:16:Infinity":5}}}
,"/Users/gustavo.neves/Projects/clean-my-windows/src/scanners/system-logs.ts": {"path":"/Users/gustavo.neves/Projects/clean-my-windows/src/scanners/system-logs.ts","statementMap":{"0":{"start":{"line":6,"column":13},"end":{"line":6,"column":null}},"1":{"start":{"line":9,"column":18},"end":{"line":9,"column":null}},"2":{"start":{"line":11,"column":4},"end":{"line":14,"column":null}},"3":{"start":{"line":12,"column":27},"end":{"line":12,"column":null}},"4":{"start":{"line":13,"column":6},"end":{"line":13,"column":null}},"5":{"start":{"line":16,"column":4},"end":{"line":23,"column":null}},"6":{"start":{"line":17,"column":6},"end":{"line":22,"column":null}},"7":{"start":{"line":18,"column":31},"end":{"line":18,"column":null}},"8":{"start":{"line":19,"column":8},"end":{"line":19,"column":null}},"9":{"start":{"line":25,"column":4},"end":{"line":25,"column":null}}},"fnMap":{"0":{"name":"(anonymous_0)","decl":{"start":{"line":8,"column":8},"end":{"line":8,"column":13}},"loc":{"start":{"line":8,"column":61},"end":{"line":26,"column":null}},"line":8}},"branchMap":{"0":{"loc":{"start":{"line":11,"column":4},"end":{"line":14,"column":null}},"type":"if","locations":[{"start":{"line":11,"column":4},"end":{"line":14,"column":null}},{"start":{},"end":{}}],"line":11},"1":{"loc":{"start":{"line":16,"column":4},"end":{"line":23,"column":null}},"type":"if","locations":[{"start":{"line":16,"column":4},"end":{"line":23,"column":null}},{"start":{},"end":{}}],"line":16}},"s":{"0":3,"1":1,"2":1,"3":0,"4":0,"5":1,"6":0,"7":0,"8":0,"9":1},"f":{"0":1},"b":{"0":[0,1],"1":[0,1]},"meta":{"lastBranch":2,"lastFunction":1,"lastStatement":10,"seen":{"s:6:13:6:Infinity":0,"f:8:8:8:13":0,"s:9:18:9:Infinity":1,"b:11:4:14:Infinity:undefined:undefined:undefined:undefined":0,"s:11:4:14:Infinity":2,"s:12:27:12:Infinity":3,"s:13:6:13:Infinity":4,"b:16:4:23:Infinity:undefined:undefined:undefined:undefined":1,"s:16:4:23:Infinity":5,"s:17:6:22:Infinity":6,"s:18:31:18:Infinity":7,"s:19:8:19:Infinity":8,"s:25:4:25:Infinity":9}}}
,"/Users/gustavo.neves/Projects/clean-my-windows/src/scanners/temp-files.ts": {"path":"/Users/gustavo.neves/Projects/clean-my-windows/src/scanners/temp-files.ts","statementMap":{"0":{"start":{"line":6,"column":13},"end":{"line":6,"column":null}},"1":{"start":{"line":9,"column":18},"end":{"line":9,"column":null}},"2":{"start":{"line":11,"column":4},"end":{"line":18,"column":null}},"3":{"start":{"line":12,"column":6},"end":{"line":17,"column":null}},"4":{"start":{"line":13,"column":30},"end":{"line":13,"column":null}},"5":{"start":{"line":14,"column":8},"end":{"line":14,"column":null}},"6":{"start":{"line":20,"column":4},"end":{"line":27,"column":null}},"7":{"start":{"line":21,"column":6},"end":{"line":26,"column":null}},"8":{"start":{"line":22,"column":32},"end":{"line":22,"column":null}},"9":{"start":{"line":23,"column":8},"end":{"line":23,"column":null}},"10":{"start":{"line":29,"column":4},"end":{"line":29,"column":null}}},"fnMap":{"0":{"name":"(anonymous_0)","decl":{"start":{"line":8,"column":8},"end":{"line":8,"column":13}},"loc":{"start":{"line":8,"column":61},"end":{"line":30,"column":null}},"line":8}},"branchMap":{"0":{"loc":{"start":{"line":11,"column":4},"end":{"line":18,"column":null}},"type":"if","locations":[{"start":{"line":11,"column":4},"end":{"line":18,"column":null}},{"start":{},"end":{}}],"line":11},"1":{"loc":{"start":{"line":20,"column":4},"end":{"line":27,"column":null}},"type":"if","locations":[{"start":{"line":20,"column":4},"end":{"line":27,"column":null}},{"start":{},"end":{}}],"line":20}},"s":{"0":5,"1":2,"2":2,"3":0,"4":0,"5":0,"6":2,"7":0,"8":0,"9":0,"10":2},"f":{"0":2},"b":{"0":[0,2],"1":[0,2]},"meta":{"lastBranch":2,"lastFunction":1,"lastStatement":11,"seen":{"s:6:13:6:Infinity":0,"f:8:8:8:13":0,"s:9:18:9:Infinity":1,"b:11:4:18:Infinity:undefined:undefined:undefined:undefined":0,"s:11:4:18:Infinity":2,"s:12:6:17:Infinity":3,"s:13:30:13:Infinity":4,"s:14:8:14:Infinity":5,"b:20:4:27:Infinity:undefined:undefined:undefined:undefined":1,"s:20:4:27:Infinity":6,"s:21:6:26:Infinity":7,"s:22:32:22:Infinity":8,"s:23:8:23:Infinity":9,"s:29:4:29:Infinity":10}}}
,"/Users/gustavo.neves/Projects/clean-my-windows/src/utils/config.ts": {"path":"/Users/gustavo.neves/Projects/clean-my-windows/src/utils/config.ts","statementMap":{"0":{"start":{"line":6,"column":16},"end":{"line":6,"column":null}},"1":{"start":{"line":8,"column":21},"end":{"line":11,"column":null}},"2":{"start":{"line":28,"column":31},"end":{"line":35,"column":null}},"3":{"start":{"line":37,"column":34},"end":{"line":37,"column":null}},"4":{"start":{"line":40,"column":2},"end":{"line":42,"column":null}},"5":{"start":{"line":41,"column":4},"end":{"line":41,"column":null}},"6":{"start":{"line":44,"column":16},"end":{"line":44,"column":null}},"7":{"start":{"line":46,"column":2},"end":{"line":56,"column":null}},"8":{"start":{"line":47,"column":4},"end":{"line":55,"column":null}},"9":{"start":{"line":48,"column":6},"end":{"line":48,"column":null}},"10":{"start":{"line":49,"column":22},"end":{"line":49,"column":null}},"11":{"start":{"line":50,"column":21},"end":{"line":50,"column":null}},"12":{"start":{"line":51,"column":6},"end":{"line":51,"column":null}},"13":{"start":{"line":52,"column":6},"end":{"line":52,"column":null}},"14":{"start":{"line":54,"column":6},"end":{"line":54,"column":null}},"15":{"start":{"line":58,"column":2},"end":{"line":58,"column":null}},"16":{"start":{"line":59,"column":2},"end":{"line":59,"column":null}},"17":{"start":{"line":63,"column":15},"end":{"line":63,"column":null}},"18":{"start":{"line":64,"column":2},"end":{"line":64,"column":null}},"19":{"start":{"line":65,"column":2},"end":{"line":65,"column":null}},"20":{"start":{"line":66,"column":2},"end":{"line":66,"column":null}},"21":{"start":{"line":70,"column":2},"end":{"line":70,"column":null}},"22":{"start":{"line":74,"column":2},"end":{"line":81,"column":null}},"23":{"start":{"line":75,"column":4},"end":{"line":80,"column":null}},"24":{"start":{"line":76,"column":6},"end":{"line":76,"column":null}},"25":{"start":{"line":77,"column":6},"end":{"line":77,"column":null}},"26":{"start":{"line":79,"column":6},"end":{"line":79,"column":null}},"27":{"start":{"line":82,"column":2},"end":{"line":82,"column":null}},"28":{"start":{"line":86,"column":2},"end":{"line":86,"column":null}},"29":{"start":{"line":90,"column":21},"end":{"line":90,"column":null}},"30":{"start":{"line":91,"column":32},"end":{"line":102,"column":null}},"31":{"start":{"line":104,"column":2},"end":{"line":104,"column":null}},"32":{"start":{"line":105,"column":2},"end":{"line":105,"column":null}}},"fnMap":{"0":{"name":"loadConfig","decl":{"start":{"line":39,"column":22},"end":{"line":39,"column":33}},"loc":{"start":{"line":39,"column":71},"end":{"line":60,"column":null}},"line":39},"1":{"name":"saveConfig","decl":{"start":{"line":62,"column":22},"end":{"line":62,"column":33}},"loc":{"start":{"line":62,"column":85},"end":{"line":67,"column":null}},"line":62},"2":{"name":"getDefaultConfig","decl":{"start":{"line":69,"column":16},"end":{"line":69,"column":43}},"loc":{"start":{"line":69,"column":43},"end":{"line":71,"column":null}},"line":69},"3":{"name":"configExists","decl":{"start":{"line":73,"column":22},"end":{"line":73,"column":55}},"loc":{"start":{"line":73,"column":55},"end":{"line":83,"column":null}},"line":73},"4":{"name":"clearConfigCache","decl":{"start":{"line":85,"column":16},"end":{"line":85,"column":41}},"loc":{"start":{"line":85,"column":41},"end":{"line":87,"column":null}},"line":85},"5":{"name":"initConfig","decl":{"start":{"line":89,"column":22},"end":{"line":89,"column":52}},"loc":{"start":{"line":89,"column":52},"end":{"line":106,"column":null}},"line":89}},"branchMap":{"0":{"loc":{"start":{"line":6,"column":16},"end":{"line":6,"column":null}},"type":"binary-expr","locations":[{"start":{"line":6,"column":16},"end":{"line":6,"column":39}},{"start":{"line":6,"column":28},"end":{"line":6,"column":null}}],"line":6},"1":{"loc":{"start":{"line":40,"column":2},"end":{"line":42,"column":null}},"type":"if","locations":[{"start":{"line":40,"column":2},"end":{"line":42,"column":null}},{"start":{},"end":{}}],"line":40},"2":{"loc":{"start":{"line":40,"column":6},"end":{"line":40,"column":35}},"type":"binary-expr","locations":[{"start":{"line":40,"column":6},"end":{"line":40,"column":22}},{"start":{"line":40,"column":22},"end":{"line":40,"column":35}}],"line":40},"3":{"loc":{"start":{"line":44,"column":16},"end":{"line":44,"column":null}},"type":"cond-expr","locations":[{"start":{"line":44,"column":29},"end":{"line":44,"column":44}},{"start":{"line":44,"column":44},"end":{"line":44,"column":null}}],"line":44},"4":{"loc":{"start":{"line":63,"column":15},"end":{"line":63,"column":null}},"type":"binary-expr","locations":[{"start":{"line":63,"column":15},"end":{"line":63,"column":29}},{"start":{"line":63,"column":29},"end":{"line":63,"column":null}}],"line":63}},"s":{"0":10,"1":10,"2":10,"3":10,"4":3,"5":0,"6":3,"7":3,"8":3,"9":3,"10":2,"11":2,"12":2,"13":2,"14":1,"15":1,"16":1,"17":0,"18":0,"19":0,"20":0,"21":2,"22":0,"23":0,"24":0,"25":0,"26":0,"27":0,"28":8,"29":0,"30":0,"31":0,"32":0},"f":{"0":3,"1":0,"2":2,"3":0,"4":8,"5":0},"b":{"0":[10,10],"1":[0,3],"2":[3,0],"3":[3,0],"4":[0,0]},"meta":{"lastBranch":5,"lastFunction":6,"lastStatement":33,"seen":{"s:6:16:6:Infinity":0,"b:6:16:6:39:6:28:6:Infinity":0,"s:8:21:11:Infinity":1,"s:28:31:35:Infinity":2,"s:37:34:37:Infinity":3,"f:39:22:39:33":0,"b:40:2:42:Infinity:undefined:undefined:undefined:undefined":1,"s:40:2:42:Infinity":4,"b:40:6:40:22:40:22:40:35":2,"s:41:4:41:Infinity":5,"s:44:16:44:Infinity":6,"b:44:29:44:44:44:44:44:Infinity":3,"s:46:2:56:Infinity":7,"s:47:4:55:Infinity":8,"s:48:6:48:Infinity":9,"s:49:22:49:Infinity":10,"s:50:21:50:Infinity":11,"s:51:6:51:Infinity":12,"s:52:6:52:Infinity":13,"s:54:6:54:Infinity":14,"s:58:2:58:Infinity":15,"s:59:2:59:Infinity":16,"f:62:22:62:33":1,"s:63:15:63:Infinity":17,"b:63:15:63:29:63:29:63:Infinity":4,"s:64:2:64:Infinity":18,"s:65:2:65:Infinity":19,"s:66:2:66:Infinity":20,"f:69:16:69:43":2,"s:70:2:70:Infinity":21,"f:73:22:73:55":3,"s:74:2:81:Infinity":22,"s:75:4:80:Infinity":23,"s:76:6:76:Infinity":24,"s:77:6:77:Infinity":25,"s:79:6:79:Infinity":26,"s:82:2:82:Infinity":27,"f:85:16:85:41":4,"s:86:2:86:Infinity":28,"f:89:22:89:52":5,"s:90:21:90:Infinity":29,"s:91:32:102:Infinity":30,"s:104:2:104:Infinity":31,"s:105:2:105:Infinity":32}}}
[...]
:11,"column":4},"end":{"line":11,"column":null}},"8":{"start":{"line":20,"column":2},"end":{"line":27,"column":null}},"9":{"start":{"line":21,"column":10},"end":{"line":21,"column":null}},"10":{"start":{"line":22,"column":10},"end":{"line":22,"column":null}},"11":{"start":{"line":24,"column":4},"end":{"line":24,"column":null}},"12":{"start":{"line":24,"column":32},"end":{"line":24,"column":49}},"13":{"start":{"line":25,"column":4},"end":{"line":25,"column":null}},"14":{"start":{"line":25,"column":27},"end":{"line":25,"column":54}},"15":{"start":{"line":26,"column":4},"end":{"line":26,"column":null}}},"fnMap":{"0":{"name":"getFileHash","decl":{"start":{"line":4,"column":22},"end":{"line":4,"column":34}},"loc":{"start":{"line":4,"column":88},"end":{"line":13,"column":null}},"line":4},"1":{"name":"(anonymous_1)","decl":{"start":{"line":5,"column":21},"end":{"line":5,"column":22}},"loc":{"start":{"line":5,"column":42},"end":{"line":12,"column":3}},"line":5},"2":{"name":"(anonymous_2)","decl":{"start":{"line":9,"column":22},"end":{"line":9,"column":23}},"loc":{"start":{"line":9,"column":32},"end":{"line":9,"column":49}},"line":9},"3":{"name":"(anonymous_3)","decl":{"start":{"line":10,"column":21},"end":{"line":10,"column":27}},"loc":{"start":{"line":10,"column":27},"end":{"line":10,"column":54}},"line":10},"4":{"name":"getFileHashPartial","decl":{"start":{"line":15,"column":22},"end":{"line":15,"column":null}},"loc":{"start":{"line":19,"column":19},"end":{"line":28,"column":null}},"line":19},"5":{"name":"(anonymous_5)","decl":{"start":{"line":20,"column":21},"end":{"line":20,"column":22}},"loc":{"start":{"line":20,"column":42},"end":{"line":27,"column":3}},"line":20},"6":{"name":"(anonymous_6)","decl":{"start":{"line":24,"column":22},"end":{"line":24,"column":23}},"loc":{"start":{"line":24,"column":32},"end":{"line":24,"column":49}},"line":24},"7":{"name":"(anonymous_7)","decl":{"start":{"line":25,"column":21},"end":{"line":25,"column":27}},"loc":{"start":{"line":25,"column":27},"end":{"line":25,"column":54}},"line":25}},"branchMap":{"0":{"loc":{"start":{"line":4,"column":52},"end":{"line":4,"column":88}},"type":"default-arg","locations":[{"start":{"line":4,"column":64},"end":{"line":4,"column":88}}],"line":4},"1":{"loc":{"start":{"line":17,"column":2},"end":{"line":17,"column":null}},"type":"default-arg","locations":[{"start":{"line":17,"column":10},"end":{"line":17,"column":null}}],"line":17},"2":{"loc":{"start":{"line":18,"column":2},"end":{"line":18,"column":null}},"type":"default-arg","locations":[{"start":{"line":18,"column":14},"end":{"line":18,"column":null}}],"line":18}},"s":{"0":13,"1":13,"2":13,"3":13,"4":1101,"5":13,"6":13,"7":13,"8":2,"9":2,"10":2,"11":2,"12":2,"13":2,"14":2,"15":2},"f":{"0":13,"1":13,"2":1101,"3":13,"4":2,"5":2,"6":2,"7":2},"b":{"0":[13],"1":[2],"2":[2]},"meta":{"lastBranch":3,"lastFunction":8,"lastStatement":16,"seen":{"f:4:22:4:34":0,"b:4:64:4:88":0,"s:5:2:12:Infinity":0,"f:5:21:5:22":1,"s:6:10:6:Infinity":1,"s:7:10:7:Infinity":2,"s:9:4:9:Infinity":3,"f:9:22:9:23":2,"s:9:32:9:49":4,"s:10:4:10:Infinity":5,"f:10:21:10:27":3,"s:10:27:10:54":6,"s:11:4:11:Infinity":7,"f:15:22:15:Infinity":4,"b:17:10:17:Infinity":1,"b:18:14:18:Infinity":2,"s:20:2:27:Infinity":8,"f:20:21:20:22":5,"s:21:10:21:Infinity":9,"s:22:10:22:Infinity":10,"s:24:4:24:Infinity":11,"f:24:22:24:23":6,"s:24:32:24:49":12,"s:25:4:25:Infinity":13,"f:25:21:25:27":7,"s:25:27:25:54":14,"s:26:4:26:Infinity":15}}}
,"/Users/gustavo.neves/Projects/clean-my-windows/src/utils/paths.ts": {"path":"/Users/gustavo.neves/Projects/clean-my-windows/src/utils/paths.ts","statementMap":{"0":{"start":{"line":4,"column":13},"end":{"line":4,"column":null}},"1":{"start":{"line":6,"column":16},"end":{"line":6,"column":null}},"2":{"start":{"line":7,"column":21},"end":{"line":7,"column":null}},"3":{"start":{"line":8,"column":15},"end":{"line":8,"column":null}},"4":{"start":{"line":10,"column":21},"end":{"line":47,"column":null}},"5":{"start":{"line":50,"column":2},"end":{"line":52,"column":null}},"6":{"start":{"line":51,"column":4},"end":{"line":51,"column":null}},"7":{"start":{"line":53,"column":2},"end":{"line":53,"column":null}},"8":{"start":{"line":57,"column":22},"end":{"line":62,"column":null}},"9":{"start":{"line":63,"column":2},"end":{"line":63,"column":null}},"10":{"start":{"line":63,"column":33},"end":{"line":63,"column":79}}},"fnMap":{"0":{"name":"expandPath","decl":{"start":{"line":49,"column":16},"end":{"line":49,"column":27}},"loc":{"start":{"line":49,"column":49},"end":{"line":54,"column":null}},"line":49},"1":{"name":"isSystemPath","decl":{"start":{"line":56,"column":16},"end":{"line":56,"column":29}},"loc":{"start":{"line":56,"column":52},"end":{"line":64,"column":null}},"line":56},"2":{"name":"(anonymous_2)","decl":{"start":{"line":63,"column":26},"end":{"line":63,"column":27}},"loc":{"start":{"line":63,"column":33},"end":{"line":63,"column":79}},"line":63}},"branchMap":{"0":{"loc":{"start":{"line":6,"column":16},"end":{"line":6,"column":null}},"type":"binary-expr","locations":[{"start":{"line":6,"column":16},"end":{"line":6,"column":39}},{"start":{"line":6,"column":28},"end":{"line":6,"column":null}}],"line":6},"1":{"loc":{"start":{"line":7,"column":21},"end":{"line":7,"column":null}},"type":"binary-expr","locations":[{"start":{"line":7,"column":21},"end":{"line":7,"column":49}},{"start":{"line":7,"column":33},"end":{"line":7,"column":null}}],"line":7},"2":{"loc":{"start":{"line":8,"column":15},"end":{"line":8,"column":null}},"type":"binary-expr","locations":[{"start":{"line":8,"column":15},"end":{"line":8,"column":37}},{"start":{"line":8,"column":37},"end":{"line":8,"column":null}}],"line":8},"3":{"loc":{"start":{"line":13,"column":12},"end":{"line":13,"column":null}},"type":"binary-expr","locations":[{"start":{"line":13,"column":12},"end":{"line":13,"column":32}},{"start":{"line":13,"column":24},"end":{"line":13,"column":null}}],"line":13},"4":{"loc":{"start":{"line":45,"column":16},"end":{"line":45,"column":null}},"type":"binary-expr","locations":[{"start":{"line":45,"column":16},"end":{"line":45,"column":44}},{"start":{"line":45,"column":44},"end":{"line":45,"column":null}}],"line":45},"5":{"loc":{"start":{"line":46,"column":19},"end":{"line":46,"column":null}},"type":"binary-expr","locations":[{"start":{"line":46,"column":19},"end":{"line":46,"column":55}},{"start":{"line":46,"column":55},"end":{"line":46,"column":null}}],"line":46},"6":{"loc":{"start":{"line":50,"column":2},"end":{"line":52,"column":null}},"type":"if","locations":[{"start":{"line":50,"column":2},"end":{"line":52,"column":null}},{"start":{},"end":{}}],"line":50}},"s":{"0":10,"1":10,"2":10,"3":10,"4":10,"5":2,"6":1,"7":1,"8":4,"9":4,"10":11},"f":{"0":2,"1":4,"2":11},"b":{"0":[10,10],"1":[10,10],"2":[10,10],"3":[10,10],"4":[10,10],"5":[10,10],"6":[1,1]},"meta":{"lastBranch":7,"lastFunction":3,"lastStatement":11,"seen":{"s:4:13:4:Infinity":0,"s:6:16:6:Infinity":1,"b:6:16:6:39:6:28:6:Infinity":0,"s:7:21:7:Infinity":2,"b:7:21:7:49:7:33:7:Infinity":1,"s:8:15:8:Infinity":3,"b:8:15:8:37:8:37:8:Infinity":2,"s:10:21:47:Infinity":4,"b:13:12:13:32:13:24:13:Infinity":3,"b:45:16:45:44:45:44:45:Infinity":4,"b:46:19:46:55:46:55:46:Infinity":5,"f:49:16:49:27":0,"b:50:2:52:Infinity:undefined:undefined:undefined:undefined":6,"s:50:2:52:Infinity":5,"s:51:4:51:Infinity":6,"s:53:2:53:Infinity":7,"f:56:16:56:29":1,"s:57:22:62:Infinity":8,"s:63:2:63:Infinity":9,"f:63:26:63:27":2,"s:63:33:63:79":10}}}
,"/Users/gustavo.neves/Projects/clean-my-windows/src/utils/progress.ts": {"path":"/Users/gustavo.neves/Projects/clean-my-windows/src/utils/progress.ts","statementMap":{"0":{"start":{"line":12,"column":20},"end":{"line":12,"column":null}},"1":{"start":{"line":19,"column":23},"end":{"line":19,"column":null}},"2":{"start":{"line":22,"column":4},"end":{"line":22,"column":null}},"3":{"start":{"line":23,"column":4},"end":{"line":23,"column":null}},"4":{"start":{"line":24,"column":4},"end":{"line":24,"column":null}},"5":{"start":{"line":25,"column":4},"end":{"line":25,"column":null}},"6":{"start":{"line":26,"column":4},"end":{"line":26,"column":null}},"7":{"start":{"line":27,"column":4},"end":{"line":27,"column":null}},"8":{"start":{"line":31,"column":4},"end":{"line":31,"column":null}},"9":{"start":{"line":32,"column":4},"end":{"line":32,"column":null}},"10":{"start":{"line":32,"column":15},"end":{"line":32,"column":null}},"11":{"start":{"line":33,"column":4},"end":{"line":33,"column":null}},"12":{"start":{"line":37,"column":4},"end":{"line":37,"column":null}},"13":{"start":{"line":41,"column":23},"end":{"line":41,"column":null}},"14":{"start":{"line":42,"column":24},"end":{"line":42,"column":null}},"15":{"start":{"line":43,"column":23},"end":{"line":43,"column":null}},"16":{"start":{"line":45,"column":19},"end":{"line":45,"column":null}},"17":{"start":{"line":46,"column":18},"end":{"line":46,"column":null}},"18":{"start":{"line":47,"column":16},"end":{"line":47,"column":null}},"19":{"start":{"line":49,"column":28},"end":{"line":49,"column":null}},"20":{"start":{"line":51,"column":4},"end":{"line":53,"column":null}},"21":{"start":{"line":52,"column":6},"end":{"line":52,"column":null}},"22":{"start":{"line":55,"column":4},"end":{"line":55,"column":null}},"23":{"start":{"line":57,"column":4},"end":{"line":59,"column":null}},"24":{"start":{"line":58,"column":6},"end":{"line":58,"column":null}},"25":{"start":{"line":61,"column":4},"end":{"line":63,"column":null}},"26":{"start":{"line":62,"column":6},"end":{"line":62,"column":null}},"27":{"start":{"line":65,"column":20},"end":{"line":65,"column":null}},"28":{"start":{"line":66,"column":4},"end":{"line":71,"column":null}},"29":{"start":{"line":67,"column":18},"end":{"line":67,"column":null}},"30":{"start":{"line":68,"column":6},"end":{"line":70,"column":null}},"31":{"start":{"line":69,"column":8},"end":{"line":69,"column":null}},"32":{"start":{"line":73,"column":19},"end":{"line":73,"column":null}},"33":{"start":{"line":75,"column":4},"end":{"line":78,"column":null}},"34":{"start":{"line":76,"column":6},"end":{"line":76,"column":null}},"35":{"start":{"line":77,"column":6},"end":{"line":77,"column":null}},"36":{"start":{"line":82,"column":4},"end":{"line":82,"column":null}},"37":{"start":{"line":83,"column":4},"end":{"line":85,"column":null}},"38":{"start":{"line":84,"column":6},"end":{"line":84,"column":null}},"39":{"start":{"line":90,"column":2},"end":{"line":94,"column":null}},"40":{"start":{"line":98,"column":2},"end":{"line":102,"column":null}}},"fnMap":{"0":{"name":"(anonymous_0)","decl":{"start":{"line":21,"column":2},"end":{"line":21,"column":14}},"loc":{"start":{"line":21,"column":40},"end":{"line":28,"column":null}},"line":21},"1":{"name":"(anonymous_1)","decl":{"start":{"line":30,"column":2},"end":{"line":30,"column":9}},"loc":{"start":{"line":30,"column":48},"end":{"line":34,"column":null}},"line":30},"2":{"name":"(anonymous_2)","decl":{"start":{"line":36,"column":2},"end":{"line":36,"column":12}},"loc":{"start":{"line":36,"column":34},"end":{"line":38,"column":null}},"line":36},"3":{"name":"(anonymous_3)","decl":{"start":{"line":40,"column":10},"end":{"line":40,"column":25}},"loc":{"start":{"line":40,"column":25},"end":{"line":79,"column":null}},"line":40},"4":{"name":"(anonymous_4)","decl":{"start":{"line":81,"column":2},"end":{"line":81,"column":9}},"loc":{"start":{"line":81,"column":33},"end":{"line":86,"column":null}},"line":81},"5":{"name":"createScanProgress","decl":{"start":{"line":89,"column":16},"end":{"line":89,"column":35}},"loc":{"start":{"line":89,"column":63},"end":{"line":95,"column":null}},"line":89},"6":{"name":"createCleanProgress","decl":{"start":{"line":97,"column":16},"end":{"line":97,"column":36}},"loc":{"start":{"line":97,"column":64},"end":{"line":103,"column":null}},"line":97}},"branchMap":{"0":{"loc":{"start":{"line":23,"column":17},"end":{"line":23,"column":null}},"type":"binary-expr","locations":[{"start":{"line":23,"column":17},"end":{"line":23,"column":34}},{"start":{"line":23,"column":34},"end":{"line":23,"column":null}}],"line":23},"1":{"loc":{"start":{"line":24,"column":26},"end":{"line":24,"column":null}},"type":"binary-expr","locations":[{"start":{"line":24,"column":26},"end":{"line":24,"column":52}},{"start":{"line":24,"column":52},"end":{"line":24,"column":null}}],"line":24},"2":{"loc":{"start":{"line":25,"column":21},"end":{"line":25,"column":null}},"type":"binary-expr","locations":[{"start":{"line":25,"column":21},"end":{"line":25,"column":42}},{"start":{"line":25,"column":42},"end":{"line":25,"column":null}}],"line":25},"3":{"loc":{"start":{"line":26,"column":20},"end":{"line":26,"column":null}},"type":"binary-expr","locations":[{"start":{"line":26,"column":20},"end":{"line":26,"column":40}},{"start":{"line":26,"column":40},"end":{"line":26,"column":null}}],"line":26},"4":{"loc":{"start":{"line":32,"column":4},"end":{"line":32,"column":null}},"type":"if","locations":[{"start":{"line":32,"column":4},"end":{"line":32,"column":null}},{"start":{},"end":{}}],"line":32},"5":{"loc":{"start":{"line":51,"column":4},"end":{"line":53,"column":null}},"type":"if","locations":[{"start":{"line":51,"column":4},"end":{"line":53,"column":null}},{"start":{},"end":{}}],"line":51},"6":{"loc":{"start":{"line":57,"column":4},"end":{"line":59,"column":null}},"type":"if","locations":[{"start":{"line":57,"column":4},"end":{"line":59,"column":null}},{"start":{},"end":{}}],"line":57},"7":{"loc":{"start":{"line":61,"column":4},"end":{"line":63,"column":null}},"type":"if","locations":[{"start":{"line":61,"column":4},"end":{"line":63,"column":null}},{"start":{},"end":{}}],"line":61},"8":{"loc":{"start":{"line":66,"column":4},"end":{"line":71,"column":null}},"type":"if","locations":[{"start":{"line":66,"column":4},"end":{"line":71,"column":null}},{"start":{},"end":{}}],"line":66},"9":{"loc":{"start":{"line":66,"column":8},"end":{"line":66,"column":44}},"type":"binary-expr","locations":[{"start":{"line":66,"column":8},"end":{"line":66,"column":26}},{"start":{"line":66,"column":26},"end":{"line":66,"column":44}}],"line":66},"10":{"loc":{"start":{"line":68,"column":6},"end":{"line":70,"column":null}},"type":"if","locations":[{"start":{"line":68,"column":6},"end":{"line":70,"column":null}},{"start":{},"end":{}}],"line":68},"11":{"loc":{"start":{"line":75,"column":4},"end":{"line":78,"column":null}},"type":"if","locations":[{"start":{"line":75,"column":4},"end":{"line":78,"column":null}},{"start":{},"end":{}}],"line":75},"12":{"loc":{"start":{"line":83,"column":4},"end":{"line":85,"column":null}},"type":"if","locations":[{"start":{"line":83,"column":4},"end":{"line":85,"column":null}},{"start":{},"end":{}}],"line":83}},"s":{"0":6,"1":6,"2":6,"3":6,"4":6,"5":6,"6":6,"7":6,"8":4,"9":4,"10":0,"11":4,"12":2,"13":4,"14":4,"15":4,"16":4,"17":4,"18":4,"19":4,"20":4,"21":0,"22":4,"23":4,"24":4,"25":4,"26":4,"27":4,"28":4,"29":0,"30":0,"31":0,"32":4,"33":4,"34":4,"35":4,"36":1,"37":1,"38":0,"39":1,"40":1},"f":{"0":6,"1":4,"2":2,"3":4,"4":1,"5":1,"6":1},"b":{"0":[6,3],"1":[6,6],"2":[6,6],"3":[6,4],"4":[0,4],"5":[0,4],"6":[4,0],"7":[4,0],"8":[0,4],"9":[4,0],"10":[0,0],"11":[4,0],"12":[0,1]},"meta":{"lastBranch":13,"lastFunction":7,"lastStatement":41,"seen":{"s:12:20:12:Infinity":0,"s:19:23:19:Infinity":1,"f:21:2:21:14":0,"s:22:4:22:Infinity":2,"s:23:4:23:Infinity":3,"b:23:17:23:34:23:34:23:Infinity":0,"s:24:4:24:Infinity":4,"b:24:26:24:52:24:52:24:Infinity":1,"s:25:4:25:Infinity":5,"b:25:21:25:42:25:42:25:Infinity":2,"s:26:4:26:Infinity":6,"b:26:20:26:40:26:40:26:Infinity":3,"s:27:4:27:Infinity":7,"f:30:2:30:9":1,"s:31:4:31:Infinity":8,"b:32:4:32:Infinity:undefined:undefined:undefined:undefined":4,"s:32:4:32:Infinity":9,"s:32:15:32:Infinity":10,"s:33:4:33:Infinity":11,"f:36:2:36:12":2,"s:37:4:37:Infinity":12,"f:40:10:40:25":3,"s:41:23:41:Infinity":13,"s:42:24:42:Infinity":14,"s:43:23:43:Infinity":15,"s:45:19:45:Infinity":16,"s:46:18:46:Infinity":17,"s:47:16:47:Infinity":18,"s:49:28:49:Infinity":19,"b:51:4:53:Infinity:undefined:undefined:undefined:undefined":5,"s:51:4:53:Infinity":20,"s:52:6:52:Infinity":21,"s:55:4:55:Infinity":22,"b:57:4:59:Infinity:undefined:undefined:undefined:undefined":6,"s:57:4:59:Infinity":23,"s:58:6:58:Infinity":24,"b:61:4:63:Infinity:undefined:undefined:undefined:undefined":7,"s:61:4:63:Infinity":25,"s:62:6:62:Infinity":26,"s:65:20:65:Infinity":27,"b:66:4:71:Infinity:undefined:undefined:undefined:undefined":8,"s:66:4:71:Infinity":28,"b:66:8:66:26:66:26:66:44":9,"s:67:18:67:Infinity":29,"b:68:6:70:Infinity:undefined:undefined:undefined:undefined":10,"s:68:6:70:Infinity":30,"s:69:8:69:Infinity":31,"s:73:19:73:Infinity":32,"b:75:4:78:Infinity:undefined:undefined:undefined:undefined":11,"s:75:4:78:Infinity":33,"s:76:6:76:Infinity":34,"s:77:6:77:Infinity":35,"f:81:2:81:9":4,"s:82:4:82:Infinity":36,"b:83:4:85:Infinity:undefined:undefined:undefined:undefined":12,"s:83:4:85:Infinity":37,"s:84:6:84:Infinity":38,"f:89:16:89:35":5,"s:90:2:94:Infinity":39,"f:97:16:97:36":6,"s:98:2:102:Infinity":40}}}
,"/Users/gustavo.neves/Projects/clean-my-windows/src/utils/size.ts": {"path":"/Users/gustavo.neves/Projects/clean-my-windows/src/utils/size.ts","statementMap":{"0":{"start":{"line":1,"column":14},"end":{"line":1,"column":null}},"1":{"start":{"line":4,"column":2},"end":{"line":4,"column":null}},"2":{"start":{"line":4,"column":19},"end":{"line":4,"column":null}},"3":{"start":{"line":6,"column":12},"end":{"line":6,"column":null}},"4":{"start":{"line":7,"column":12},"end":{"line":7,"column":null}},"5":{"start":{"line":8,"column":15},"end":{"line":8,"column":null}},"6":{"start":{"line":10,"column":2},"end":{"line":10,"column":null}},"7":{"start":{"line":14,"column":16},"end":{"line":14,"column":null}},"8":{"start":{"line":15,"column":2},"end":{"line":15,"column":null}},"9":{"start":{"line":15,"column":14},"end":{"line":15,"column":null}},"10":{"start":{"line":17,"column":16},"end":{"line":17,"column":null}},"11":{"start":{"line":18,"column":15},"end":{"line":18,"column":null}},"12":{"start":{"line":19,"column":20},"end":{"line":19,"column":null}},"13":{"start":{"line":21,"column":2},"end":{"line":21,"column":null}},"14":{"start":{"line":24,"column":31},"end":{"line":28,"column":null}}},"fnMap":{"0":{"name":"formatSize","decl":{"start":{"line":3,"column":16},"end":{"line":3,"column":27}},"loc":{"start":{"line":3,"column":50},"end":{"line":11,"column":null}},"line":3},"1":{"name":"parseSize","decl":{"start":{"line":13,"column":16},"end":{"line":13,"column":26}},"loc":{"start":{"line":13,"column":51},"end":{"line":22,"column":null}},"line":13}},"branchMap":{"0":{"loc":{"start":{"line":4,"column":2},"end":{"line":4,"column":null}},"type":"if","locations":[{"start":{"line":4,"column":2},"end":{"line":4,"column":null}},{"start":{},"end":{}}],"line":4},"1":{"loc":{"start":{"line":10,"column":25},"end":{"line":10,"column":38}},"type":"cond-expr","locations":[{"start":{"line":10,"column":33},"end":{"line":10,"column":37}},{"start":{"line":10,"column":37},"end":{"line":10,"column":38}}],"line":10},"2":{"loc":{"start":{"line":15,"column":2},"end":{"line":15,"column":null}},"type":"if","locations":[{"start":{"line":15,"column":2},"end":{"line":15,"column":null}},{"start":{},"end":{}}],"line":15}},"s":{"0":10,"1":13,"2":2,"3":11,"4":11,"5":11,"6":11,"7":5,"8":5,"9":1,"10":4,"11":4,"12":4,"13":4,"14":10},"f":{"0":13,"1":5},"b":{"0":[2,11],"1":[10,1],"2":[1,4]},"meta":{"lastBranch":3,"lastFunction":2,"lastStatement":15,"seen":{"s:1:14:1:Infinity":0,"f:3:16:3:27":0,"b:4:2:4:Infinity:undefined:undefined:undefined:undefined":0,"s:4:2:4:Infinity":1,"s:4:19:4:Infinity":2,"s:6:12:6:Infinity":3,"s:7:12:7:Infinity":4,"s:8:15:8:Infinity":5,"s:10:2:10:Infinity":6,"b:10:33:10:37:10:37:10:38":1,"f:13:16:13:26":1,"s:14:16:14:Infinity":7,"b:15:2:15:Infinity:undefined:undefined:undefined:undefined":2,"s:15:2:15:Infinity":8,"s:15:14:15:Infinity":9,"s:17:16:17:Infinity":10,"s:18:15:18:Infinity":11,"s:19:20:19:Infinity":12,"s:21:2:21:Infinity":13,"s:24:31:28:Infinity":14}}}
}
