TN:
SF:src/types.ts
FNF:0
FNH:0
DA:78,11
LF:1
LH:1
BRF:0
BRH:0
end_of_record
TN:
SF:src/commands/clean.ts
FN:31,cleanCommand
FN:39,(anonymous_1)
FN:51,(anonymous_2)
FN:53,(anonymous_3)
FN:54,(anonymous_4)
FN:57,(anonymous_5)
FN:78,(anonymous_6)
FN:91,(anonymous_7)
FN:91,(anonymous_8)
FN:92,(anonymous_9)
FN:110,(anonymous_10)
FN:146,selectItemsInteractively
FN:154,(anonymous_12)
FN:169,(anonymous_13)
FN:176,(anonymous_14)
FN:189,(anonymous_15)
FN:200,(anonymous_16)
FN:219,printCleanResults
FNF:18
FNH:11
FNDA:1,cleanCommand
FNDA:15,(anonymous_1)
FNDA:15,(anonymous_2)
FNDA:4,(anonymous_3)
FNDA:4,(anonymous_4)
FNDA:2,(anonymous_5)
FNDA:2,(anonymous_6)
FNDA:2,(anonymous_7)
FNDA:3,(anonymous_8)
FNDA:2,(anonymous_9)
FNDA:3,(anonymous_10)
FNDA:0,selectItemsInteractively
FNDA:0,(anonymous_12)
FNDA:0,(anonymous_13)
FNDA:0,(anonymous_14)
FNDA:0,(anonymous_15)
FNDA:0,(anonymous_16)
FNDA:0,printCleanResults
DA:17,1
DA:32,1
DA:33,1
DA:34,1
DA:36,1
DA:40,15
DA:44,1
DA:46,1
DA:47,0
DA:48,0
DA:51,15
DA:53,4
DA:54,4
DA:56,1
DA:57,2
DA:58,1
DA:59,1
DA:60,1
DA:61,2
DA:62,2
DA:63,2
DA:66,1
DA:67,1
DA:70,1
DA:71,0
DA:72,0
DA:75,1
DA:77,1
DA:78,2
DA:83,0
DA:86,1
DA:87,0
DA:88,0
DA:91,3
DA:92,2
DA:94,1
DA:95,0
DA:100,0
DA:101,0
DA:102,0
DA:106,1
DA:107,1
DA:108,1
DA:109,2
DA:110,3
DA:111,2
DA:113,1
DA:114,1
DA:117,0
DA:119,1
DA:126,1
DA:127,1
DA:128,0
DA:129,0
DA:131,0
DA:132,0
DA:133,0
DA:134,0
DA:135,0
DA:136,0
DA:139,0
DA:141,1
DA:143,1
DA:150,0
DA:151,0
DA:152,0
DA:154,0
DA:155,0
DA:156,0
DA:158,0
DA:167,0
DA:169,0
DA:176,0
DA:178,0
DA:180,0
DA:181,0
DA:183,0
DA:184,0
DA:185,0
DA:186,0
DA:189,0
DA:195,0
DA:200,0
DA:202,0
DA:203,0
DA:209,0
DA:216,0
DA:220,0
DA:221,0
DA:222,0
DA:224,0
DA:225,0
DA:226,0
DA:230,0
DA:231,0
DA:235,0
DA:236,0
DA:237,0
DA:238,0
DA:240,0
DA:241,0
DA:244,0
LF:102
LH:42
BRDA:32,0,0,1
BRDA:32,0,1,0
BRDA:34,1,0,0
BRDA:34,1,1,1
BRDA:46,2,0,0
BRDA:46,2,1,1
BRDA:56,3,0,1
BRDA:56,3,1,0
BRDA:56,4,0,1
BRDA:56,4,1,1
BRDA:62,5,0,2
BRDA:62,5,1,0
BRDA:70,6,0,0
BRDA:70,6,1,1
BRDA:77,7,0,1
BRDA:77,7,1,0
BRDA:86,8,0,0
BRDA:86,8,1,1
BRDA:94,9,0,0
BRDA:94,9,1,1
BRDA:94,10,0,1
BRDA:94,10,1,1
BRDA:100,11,0,0
BRDA:100,11,1,0
BRDA:106,12,0,1
BRDA:106,12,1,0
BRDA:117,13,0,0
BRDA:117,13,1,0
BRDA:148,14,0,0
BRDA:161,15,0,0
BRDA:161,15,1,0
BRDA:183,16,0,0
BRDA:183,16,1,0
BRDA:183,17,0,0
BRDA:183,17,1,0
BRDA:183,17,2,0
BRDA:184,18,0,0
BRDA:184,18,1,0
BRDA:184,19,0,0
BRDA:184,19,1,0
BRDA:202,20,0,0
BRDA:202,20,1,0
BRDA:225,21,0,0
BRDA:225,21,1,0
BRDA:240,22,0,0
BRDA:240,22,1,0
BRF:46
BRH:14
end_of_record
TN:
SF:src/commands/maintenance.ts
FN:12,maintenanceCommand
FNF:1
FNH:1
FNDA:1,maintenanceCommand
DA:13,1
DA:15,1
DA:16,0
DA:19,1
DA:20,0
DA:23,1
DA:24,0
DA:27,1
DA:28,0
DA:31,1
DA:32,1
DA:33,1
DA:34,1
DA:35,1
DA:36,1
DA:37,1
DA:38,1
DA:41,0
DA:42,0
DA:43,0
DA:45,0
DA:46,0
DA:48,0
DA:50,0
DA:51,0
DA:53,0
DA:54,0
DA:56,0
DA:61,0
LF:29
LH:13
BRDA:15,0,0,0
BRDA:15,0,1,1
BRDA:19,1,0,0
BRDA:19,1,1,1
BRDA:23,2,0,0
BRDA:23,2,1,1
BRDA:27,3,0,0
BRDA:27,3,1,1
BRDA:31,4,0,1
BRDA:31,4,1,0
BRDA:50,5,0,0
BRDA:50,5,1,0
BRDA:53,6,0,0
BRDA:53,6,1,0
BRF:14
BRH:5
end_of_record
TN:
SF:src/commands/scan.ts
FN:19,scanCommand
FN:20,(anonymous_1)
FN:32,(anonymous_2)
FN:50,printScanResults
FN:58,(anonymous_4)
FN:77,(anonymous_5)
FN:98,groupResultsByCategory
FN:115,listCategories
FNF:8
FNH:1
FNDA:0,scanCommand
FNDA:0,(anonymous_1)
FNDA:0,(anonymous_2)
FNDA:0,printScanResults
FNDA:0,(anonymous_4)
FNDA:0,(anonymous_5)
FNDA:0,groupResultsByCategory
FNDA:1,listCategories
DA:7,1
DA:20,0
DA:21,0
DA:22,0
DA:24,0
DA:28,0
DA:33,0
DA:37,0
DA:38,0
DA:40,0
DA:43,0
DA:45,0
DA:47,0
DA:51,0
DA:52,0
DA:53,0
DA:55,0
DA:57,0
DA:58,0
DA:60,0
DA:62,0
DA:63,0
DA:65,0
DA:66,0
DA:68,0
DA:69,0
DA:70,0
DA:72,0
DA:76,0
DA:77,0
DA:78,0
DA:79,0
DA:81,0
DA:82,0
DA:88,0
DA:89,0
DA:90,0
DA:93,0
DA:94,0
DA:95,0
DA:99,0
DA:107,0
DA:108,0
DA:109,0
DA:112,0
DA:116,1
DA:117,1
DA:118,1
DA:120,1
DA:128,1
DA:129,15
DA:132,1
DA:133,5
DA:134,5
DA:135,5
DA:136,15
DA:137,15
DA:138,15
DA:139,10
DA:144,1
DA:145,1
DA:146,1
LF:62
LH:18
BRDA:20,0,0,0
BRDA:20,0,1,0
BRDA:22,1,0,0
BRDA:22,1,1,0
BRDA:24,2,0,0
BRDA:24,2,1,0
BRDA:37,3,0,0
BRDA:37,3,1,0
BRDA:50,4,0,0
BRDA:60,5,0,0
BRDA:60,5,1,0
BRDA:66,6,0,0
BRDA:66,6,1,0
BRDA:76,7,0,0
BRDA:76,7,1,0
BRDA:76,8,0,0
BRDA:76,8,1,0
BRDA:81,9,0,0
BRDA:81,9,1,0
BRDA:138,10,0,10
BRDA:138,10,1,5
BRF:21
BRH:2
end_of_record
TN:
SF:src/maintenance/disk-cleanup.ts
FN:12,runDiskCleanup
FN:38,clearThumbnailCache
FN:57,clearFontCache
FNF:3
FNH:3
FNDA:1,runDiskCleanup
FNDA:1,clearThumbnailCache
FNDA:1,clearFontCache
DA:4,2
DA:13,1
DA:14,1
DA:16,0
DA:21,1
DA:22,1
DA:24,0
DA:29,1
DA:39,1
DA:40,1
DA:44,0
DA:49,1
DA:58,1
DA:59,1
DA:60,0
DA:63,0
DA:65,0
DA:70,1
LF:18
LH:12
BRDA:32,0,0,1
BRDA:32,0,1,0
BRDA:52,1,0,1
BRDA:52,1,1,0
BRDA:73,2,0,1
BRDA:73,2,1,0
BRF:6
BRH:3
end_of_record
TN:
SF:src/maintenance/dns-cache.ts
FN:12,flushDnsCache
FNF:1
FNH:1
FNDA:2,flushDnsCache
DA:4,3
DA:13,2
DA:14,2
DA:16,0
DA:21,2
LF:5
LH:4
BRDA:24,0,0,2
BRDA:24,0,1,0
BRF:2
BRH:1
end_of_record
TN:
SF:src/scanners/base-scanner.ts
FN:9,(anonymous_0)
FN:20,(anonymous_1)
FN:21,(anonymous_2)
FNF:3
FNH:3
FNDA:2,(anonymous_0)
FNDA:27,(anonymous_1)
FNDA:16,(anonymous_2)
DA:10,2
DA:12,2
DA:21,27
DA:22,27
LF:4
LH:4
BRDA:9,0,0,2
BRDA:16,1,0,0
BRDA:16,1,1,2
BRF:3
BRH:2
end_of_record
TN:
SF:src/scanners/browser-cache.ts
FN:10,(anonymous_0)
FNF:1
FNH:1
FNDA:2,(anonymous_0)
DA:8,5
DA:11,2
DA:13,2
DA:20,2
DA:21,8
DA:22,0
DA:23,0
DA:24,0
DA:25,0
DA:33,0
DA:38,2
DA:39,0
DA:40,0
DA:41,0
DA:42,0
DA:43,0
DA:44,0
DA:45,0
DA:46,0
DA:60,2
LF:20
LH:7
BRDA:21,0,0,0
BRDA:21,0,1,8
BRDA:38,1,0,0
BRDA:38,1,1,2
BRDA:43,2,0,0
BRDA:43,2,1,0
BRF:6
BRH:2
end_of_record
TN:
SF:src/scanners/dev-cache.ts
FN:9,(anonymous_0)
FNF:1
FNH:1
FNDA:2,(anonymous_0)
DA:7,5
DA:10,2
DA:12,2
DA:22,2
DA:23,14
DA:24,2
DA:25,2
DA:26,2
DA:27,2
DA:28,2
DA:37,0
DA:42,2
LF:12
LH:11
BRDA:23,0,0,2
BRDA:23,0,1,12
BRDA:26,1,0,2
BRDA:26,1,1,0
BRF:4
BRH:3
end_of_record
TN:
SF:src/scanners/docker.ts
FN:11,(anonymous_0)
FN:38,(anonymous_1)
FN:56,(anonymous_2)
FN:61,(anonymous_3)
FN:70,(anonymous_4)
FNF:5
FNH:3
FNDA:2,(anonymous_0)
FNDA:8,(anonymous_1)
FNDA:1,(anonymous_2)
FNDA:0,(anonymous_3)
FNDA:0,(anonymous_4)
DA:6,4
DA:9,6
DA:12,2
DA:14,2
DA:15,2
DA:16,2
DA:18,2
DA:19,8
DA:20,8
DA:22,8
DA:23,4
DA:35,2
DA:39,8
DA:40,8
DA:42,8
DA:43,8
DA:45,8
DA:53,8
DA:57,1
DA:58,1
DA:61,0
DA:66,0
DA:67,0
DA:69,0
DA:70,0
DA:71,0
DA:72,0
DA:74,0
DA:77,0
LF:29
LH:20
BRDA:22,0,0,4
BRDA:22,0,1,4
BRDA:40,1,0,0
BRDA:40,1,1,8
BRDA:53,2,0,8
BRDA:53,2,1,0
BRDA:56,3,0,1
BRDA:57,4,0,1
BRDA:57,4,1,0
BRDA:79,5,0,0
BRDA:79,5,1,0
BRF:11
BRH:6
end_of_record
TN:
SF:src/scanners/downloads.ts
FN:8,(anonymous_0)
FNF:1
FNH:1
FNDA:3,(anonymous_0)
DA:6,6
DA:9,3
DA:10,3
DA:12,3
DA:13,3
DA:17,3
DA:20,3
LF:7
LH:7
BRDA:9,0,0,3
BRDA:9,0,1,2
BRDA:12,1,0,3
BRDA:12,1,1,0
BRF:4
BRH:3
end_of_record
TN:
SF:src/scanners/large-files.ts
FN:10,(anonymous_0)
FN:23,(anonymous_1)
FN:28,(anonymous_2)
FNF:3
FNH:2
FNDA:3,(anonymous_0)
FNDA:0,(anonymous_1)
FNDA:1569,(anonymous_2)
DA:8,6
DA:11,3
DA:12,3
DA:14,3
DA:16,3
DA:17,6
DA:18,6
DA:19,6
DA:23,3
DA:25,3
DA:34,1569
DA:36,1569
DA:38,159
DA:39,159
DA:41,159
DA:42,2715
DA:44,2601
DA:46,2601
DA:47,2601
DA:48,1038
DA:49,1038
DA:50,0
DA:58,1563
DA:59,1563
DA:60,1563
DA:63,0
DA:70,159
LF:27
LH:25
BRDA:11,0,0,3
BRDA:11,0,1,2
BRDA:17,1,0,6
BRDA:17,1,1,0
BRDA:32,2,0,1569
BRDA:36,3,0,1410
BRDA:36,3,1,159
BRDA:42,4,0,114
BRDA:42,4,1,2601
BRDA:47,5,0,1038
BRDA:47,5,1,1563
BRDA:49,6,0,0
BRDA:49,6,1,1038
BRDA:58,7,0,1563
BRDA:58,7,1,0
BRF:15
BRH:12
end_of_record
TN:
SF:src/scanners/system-cache.ts
FN:8,(anonymous_0)
FNF:1
FNH:1
FNDA:2,(anonymous_0)
DA:6,5
DA:9,2
DA:11,2
DA:12,0
DA:13,0
DA:16,2
LF:6
LH:4
BRDA:11,0,0,0
BRDA:11,0,1,2
BRF:2
BRH:1
end_of_record
TN:
SF:src/scanners/system-logs.ts
FN:8,(anonymous_0)
FNF:1
FNH:1
FNDA:1,(anonymous_0)
DA:6,3
DA:9,1
DA:11,1
DA:12,0
DA:13,0
DA:16,1
DA:17,0
DA:18,0
DA:19,0
DA:25,1
LF:10
LH:5
BRDA:11,0,0,0
BRDA:11,0,1,1
BRDA:16,1,0,0
BRDA:16,1,1,1
BRF:4
BRH:2
end_of_record
TN:
SF:src/scanners/temp-files.ts
FN:8,(anonymous_0)
FNF:1
FNH:1
FNDA:2,(anonymous_0)
DA:6,5
DA:9,2
DA:11,2
DA:12,0
DA:13,0
DA:14,0
DA:20,2
DA:21,0
DA:22,0
DA:23,0
DA:29,2
LF:11
LH:5
BRDA:11,0,0,0
BRDA:11,0,1,2
BRDA:20,1,0,0
BRDA:20,1,1,2
BRF:4
BRH:2
end_of_record
TN:
SF:src/utils/config.ts
FN:39,loadConfig
FN:62,saveConfig
FN:69,getDefaultConfig
FN:73,configExists
FN:85,clearConfigCache
FN:89,initConfig
FNF:6
FNH:3
FNDA:3,loadConfig
FNDA:0,saveConfig
FNDA:2,getDefaultConfig
FNDA:0,configExists
FNDA:8,clearConfigCache
FNDA:0,initConfig
DA:6,10
DA:8,10
DA:28,10
DA:37,10
DA:40,3
DA:41,0
DA:44,3
DA:46,3
DA:47,3
DA:48,3
DA:49,2
DA:50,2
DA:51,2
DA:52,2
DA:54,1
DA:58,1
DA:59,1
DA:63,0
DA:64,0
DA:65,0
DA:66,0
DA:70,2
DA:74,0
DA:75,0
DA:76,0
DA:77,0
DA:79,0
DA:82,0
DA:86,8
DA:90,0
DA:91,0
DA:104,0
DA:105,0
LF:33
LH:18
BRDA:6,0,0,10
BRDA:6,0,1,10
BRDA:40,1,0,0
BRDA:40,1,1,3
BRDA:40,2,0,3
BRDA:40,2,1,0
BRDA:44,3,0,3
BRDA:44,3,1,0
BRDA:63,4,0,0
BRDA:63,4,1,0
BRF:10
BRH:5
end_of_record
TN:
SF:src/utils/fs.ts
FN:5,exists
FN:14,getSize
FN:29,getDirectorySize
FN:55,getItems
FN:67,processDir
FN:112,getDirectoryItems
FN:143,removeItem
FN:156,removeItems
FNF:8
FNH:8
FNDA:60,exists
FNDA:4,getSize
FNDA:12599,getDirectorySize
FNDA:6,getItems
FNDA:6,processDir
FNDA:4,getDirectoryItems
FNDA:2,removeItem
FNDA:2,removeItems
DA:6,60
DA:7,60
DA:8,18
DA:10,42
DA:15,4
DA:16,4
DA:17,3
DA:18,1
DA:20,2
DA:21,2
DA:23,0
DA:25,1
DA:30,12599
DA:32,12599
DA:33,12599
DA:35,12598
DA:36,22279
DA:37,22279
DA:38,22279
DA:39,9686
DA:40,9686
DA:41,12593
DA:42,12593
DA:45,0
DA:49,1
DA:52,12598
DA:64,6
DA:65,6
DA:68,6
DA:70,6
DA:71,6
DA:73,6
DA:74,139
DA:76,139
DA:77,139
DA:79,139
DA:80,136
DA:81,136
DA:84,6
DA:86,139
DA:88,5
DA:96,5
DA:97,0
DA:100,0
DA:104,0
DA:108,6
DA:109,6
DA:113,4
DA:115,4
DA:116,4
DA:118,3
DA:119,5
DA:121,5
DA:122,5
DA:123,5
DA:125,5
DA:133,0
DA:137,1
DA:140,3
DA:144,2
DA:145,1
DA:148,1
DA:149,1
DA:150,1
DA:152,0
DA:161,2
DA:162,2
DA:163,2
DA:165,2
DA:166,2
DA:167,2
DA:169,2
DA:170,2
DA:171,2
DA:172,2
DA:174,0
DA:178,2
LF:77
LH:69
BRDA:17,0,0,1
BRDA:17,0,1,2
BRDA:20,1,0,2
BRDA:20,1,1,0
BRDA:38,2,0,9686
BRDA:38,2,1,12593
BRDA:41,3,0,12593
BRDA:41,3,1,0
BRDA:57,4,0,6
BRDA:65,5,0,6
BRDA:65,6,0,6
BRDA:68,7,0,0
BRDA:68,7,1,6
BRDA:79,8,0,136
BRDA:79,8,1,3
BRDA:81,9,0,133
BRDA:81,9,1,3
BRDA:84,10,0,0
BRDA:84,10,1,6
BRDA:86,11,0,1
BRDA:86,11,1,138
BRDA:86,12,0,139
BRDA:86,12,1,2
BRDA:96,13,0,0
BRDA:96,13,1,5
BRDA:96,14,0,5
BRDA:96,14,1,0
BRDA:123,15,0,1
BRDA:123,15,1,4
BRDA:143,16,0,2
BRDA:144,17,0,1
BRDA:144,17,1,1
BRDA:158,18,0,2
BRDA:170,19,0,2
BRDA:170,19,1,0
BRF:35
BRH:28
end_of_record
TN:
SF:src/utils/hash.ts
FN:4,getFileHash
FN:5,(anonymous_1)
FN:9,(anonymous_2)
FN:10,(anonymous_3)
FN:15,getFileHashPartial
FN:20,(anonymous_5)
FN:24,(anonymous_6)
FN:25,(anonymous_7)
FNF:8
FNH:8
FNDA:13,getFileHash
FNDA:13,(anonymous_1)
FNDA:1101,(anonymous_2)
FNDA:13,(anonymous_3)
FNDA:2,getFileHashPartial
FNDA:2,(anonymous_5)
FNDA:2,(anonymous_6)
FNDA:2,(anonymous_7)
DA:5,13
DA:6,13
DA:7,13
DA:9,1101
DA:10,13
DA:11,13
DA:20,2
DA:21,2
DA:22,2
DA:24,2
DA:25,2
DA:26,2
LF:12
LH:12
BRDA:4,0,0,13
BRDA:17,1,0,2
BRDA:18,2,0,2
BRF:3
BRH:3
end_of_record
TN:
SF:src/utils/paths.ts
FN:49,expandPath
FN:56,isSystemPath
FN:63,(anonymous_2)
FNF:3
FNH:3
FNDA:2,expandPath
FNDA:4,isSystemPath
FNDA:11,(anonymous_2)
DA:4,10
DA:6,10
DA:7,10
DA:8,10
DA:10,10
DA:50,2
DA:51,1
DA:53,1
DA:57,4
DA:63,11
LF:10
LH:10
BRDA:6,0,0,10
BRDA:6,0,1,10
BRDA:7,1,0,10
BRDA:7,1,1,10
BRDA:8,2,0,10
BRDA:8,2,1,10
BRDA:13,3,0,10
BRDA:13,3,1,10
BRDA:45,4,0,10
BRDA:45,4,1,10
BRDA:46,5,0,10
BRDA:46,5,1,10
BRDA:50,6,0,1
BRDA:50,6,1,1
BRF:14
BRH:14
end_of_record
TN:
SF:src/utils/progress.ts
FN:21,(anonymous_0)
FN:30,(anonymous_1)
FN:36,(anonymous_2)
FN:40,(anonymous_3)
FN:81,(anonymous_4)
FN:89,createScanProgress
FN:97,createCleanProgress
FNF:7
FNH:7
FNDA:6,(anonymous_0)
FNDA:4,(anonymous_1)
FNDA:2,(anonymous_2)
FNDA:4,(anonymous_3)
FNDA:1,(anonymous_4)
FNDA:1,createScanProgress
FNDA:1,createCleanProgress
DA:12,6
DA:19,6
DA:22,6
DA:23,6
DA:24,6
DA:25,6
DA:26,6
DA:27,6
DA:31,4
DA:32,4
DA:33,4
DA:37,2
DA:41,4
DA:42,4
DA:43,4
DA:45,4
DA:46,4
DA:47,4
DA:49,4
DA:51,4
DA:52,0
DA:55,4
DA:57,4
DA:58,4
DA:61,4
DA:62,4
DA:65,4
DA:66,4
DA:67,0
DA:68,0
DA:69,0
DA:73,4
DA:75,4
DA:76,4
DA:77,4
DA:82,1
DA:83,1
DA:84,0
DA:90,1
DA:98,1
LF:40
LH:35
BRDA:23,0,0,6
BRDA:23,0,1,3
BRDA:24,1,0,6
BRDA:24,1,1,6
BRDA:25,2,0,6
BRDA:25,2,1,6
BRDA:26,3,0,6
BRDA:26,3,1,4
BRDA:32,4,0,0
BRDA:32,4,1,4
BRDA:51,5,0,0
BRDA:51,5,1,4
BRDA:57,6,0,4
BRDA:57,6,1,0
BRDA:61,7,0,4
BRDA:61,7,1,0
BRDA:66,8,0,0
BRDA:66,8,1,4
BRDA:66,9,0,4
BRDA:66,9,1,0
BRDA:68,10,0,0
BRDA:68,10,1,0
BRDA:75,11,0,4
BRDA:75,11,1,0
BRDA:83,12,0,0
BRDA:83,12,1,1
BRF:26
BRH:16
end_of_record
TN:
SF:src/utils/size.ts
FN:3,formatSize
FN:13,parseSize
FNF:2
FNH:2
FNDA:13,formatSize
FNDA:5,parseSize
DA:1,10
DA:4,13
DA:6,11
DA:7,11
DA:8,11
DA:10,11
DA:14,5
DA:15,5
DA:17,4
DA:18,4
DA:19,4
DA:21,4
DA:24,10
LF:13
LH:13
BRDA:4,0,0,2
BRDA:4,0,1,11
BRDA:10,1,0,10
BRDA:10,1,1,1
BRDA:15,2,0,1
BRDA:15,2,1,4
BRF:6
BRH:6
end_of_record
