TN:
SF:src/types.ts
FNF:0
FNH:0
DA:78,20
LF:1
LH:1
BRF:0
BRH:0
end_of_record
TN:
SF:src/scanners/base-scanner.ts
FN:9,(anonymous_0)
FN:20,(anonymous_1)
FN:21,(anonymous_2)
FNF:3
FNH:3
FNDA:2,(anonymous_0)
FNDA:37,(anonymous_1)
FNDA:21,(anonymous_2)
DA:10,2
DA:12,2
DA:21,37
DA:22,37
LF:4
LH:4
BRDA:9,0,0,2
BRDA:16,1,0,0
BRDA:16,1,1,2
BRF:3
BRH:2
end_of_record
TN:
SF:src/scanners/dev-cache.ts
FN:9,(anonymous_0)
FNF:1
FNH:1
FNDA:2,(anonymous_0)
DA:7,6
DA:10,2
DA:12,2
DA:22,2
DA:23,14
DA:24,2
DA:25,2
DA:26,2
DA:27,2
DA:28,2
DA:37,0
DA:42,2
LF:12
LH:11
BRDA:23,0,0,2
BRDA:23,0,1,12
BRDA:26,1,0,2
BRDA:26,1,1,0
BRF:4
BRH:3
end_of_record
TN:
SF:src/scanners/downloads.ts
FN:8,(anonymous_0)
FNF:1
FNH:1
FNDA:3,(anonymous_0)
DA:6,7
DA:9,3
DA:10,3
DA:12,3
DA:13,3
DA:17,3
DA:20,3
LF:7
LH:7
BRDA:9,0,0,3
BRDA:9,0,1,2
BRDA:12,1,0,3
BRDA:12,1,1,0
BRF:4
BRH:3
end_of_record
TN:
SF:src/scanners/large-files.ts
FN:10,(anonymous_0)
FN:23,(anonymous_1)
FN:28,(anonymous_2)
FNF:3
FNH:2
FNDA:3,(anonymous_0)
FNDA:0,(anonymous_1)
FNDA:1569,(anonymous_2)
DA:8,7
DA:11,3
DA:12,3
DA:14,3
DA:16,3
DA:17,6
DA:18,6
DA:19,6
DA:23,3
DA:25,3
DA:34,1569
DA:36,1569
DA:38,159
DA:39,159
DA:41,159
DA:42,2715
DA:44,2601
DA:46,2601
DA:47,2601
DA:48,1038
DA:49,1038
DA:50,0
DA:58,1563
DA:59,1563
DA:60,1563
DA:63,0
DA:70,159
LF:27
LH:25
BRDA:11,0,0,3
BRDA:11,0,1,2
BRDA:17,1,0,6
BRDA:17,1,1,0
BRDA:32,2,0,1569
BRDA:36,3,0,1410
BRDA:36,3,1,159
BRDA:42,4,0,114
BRDA:42,4,1,2601
BRDA:47,5,0,1038
BRDA:47,5,1,1563
BRDA:49,6,0,0
BRDA:49,6,1,1038
BRDA:58,7,0,1563
BRDA:58,7,1,0
BRF:15
BRH:12
end_of_record
TN:
SF:src/utils/fs.ts
FN:5,exists
FN:14,getSize
FN:29,getDirectorySize
FN:55,getItems
FN:67,processDir
FN:112,getDirectoryItems
FN:143,removeItem
FN:156,removeItems
FNF:8
FNH:8
FNDA:88,exists
FNDA:4,getSize
FNDA:12599,getDirectorySize
FNDA:6,getItems
FNDA:6,processDir
FNDA:4,getDirectoryItems
FNDA:2,removeItem
FNDA:2,removeItems
DA:6,88
DA:7,88
DA:8,28
DA:10,60
DA:15,4
DA:16,4
DA:17,3
DA:18,1
DA:20,2
DA:21,2
DA:23,0
DA:25,1
DA:30,12599
DA:32,12599
DA:33,12599
DA:35,12598
DA:36,22279
DA:37,22279
DA:38,22279
DA:39,9686
DA:40,9686
DA:41,12593
DA:42,12593
DA:45,0
DA:49,1
DA:52,12598
DA:64,6
DA:65,6
DA:68,6
DA:70,6
DA:71,6
DA:73,6
DA:74,139
DA:76,139
DA:77,139
DA:79,139
DA:80,136
DA:81,136
DA:84,6
DA:86,139
DA:88,5
DA:96,5
DA:97,0
DA:100,0
DA:104,0
DA:108,6
DA:109,6
DA:113,4
DA:115,4
DA:116,4
DA:118,3
DA:119,5
DA:121,5
DA:122,5
DA:123,5
DA:125,5
DA:133,0
DA:137,1
DA:140,3
DA:144,2
DA:145,1
DA:148,1
DA:149,1
DA:150,1
DA:152,0
DA:161,2
DA:162,2
DA:163,2
DA:165,2
DA:166,2
DA:167,2
DA:169,2
DA:170,2
DA:171,2
DA:172,2
DA:174,0
DA:178,2
LF:77
LH:69
BRDA:17,0,0,1
BRDA:17,0,1,2
BRDA:20,1,0,2
BRDA:20,1,1,0
BRDA:38,2,0,9686
BRDA:38,2,1,12593
BRDA:41,3,0,12593
BRDA:41,3,1,0
BRDA:57,4,0,6
BRDA:65,5,0,6
BRDA:65,6,0,6
BRDA:68,7,0,0
BRDA:68,7,1,6
BRDA:79,8,0,136
BRDA:79,8,1,3
BRDA:81,9,0,133
BRDA:81,9,1,3
BRDA:84,10,0,0
BRDA:84,10,1,6
BRDA:86,11,0,1
BRDA:86,11,1,138
BRDA:86,12,0,139
BRDA:86,12,1,2
BRDA:96,13,0,0
BRDA:96,13,1,5
BRDA:96,14,0,5
BRDA:96,14,1,0
BRDA:123,15,0,1
BRDA:123,15,1,4
BRDA:143,16,0,2
BRDA:144,17,0,1
BRDA:144,17,1,1
BRDA:158,18,0,2
BRDA:170,19,0,2
BRDA:170,19,1,0
BRF:35
BRH:28
end_of_record
TN:
SF:src/utils/hash.ts
FN:4,getFileHash
FN:5,(anonymous_1)
FN:9,(anonymous_2)
FN:10,(anonymous_3)
FN:15,getFileHashPartial
FN:20,(anonymous_5)
FN:24,(anonymous_6)
FN:25,(anonymous_7)
FNF:8
FNH:8
FNDA:23,getFileHash
FNDA:23,(anonymous_1)
FNDA:3061,(anonymous_2)
FNDA:23,(anonymous_3)
FNDA:2,getFileHashPartial
FNDA:2,(anonymous_5)
FNDA:2,(anonymous_6)
FNDA:2,(anonymous_7)
DA:5,23
DA:6,23
DA:7,23
DA:9,3061
DA:10,23
DA:11,23
DA:20,2
DA:21,2
DA:22,2
DA:24,2
DA:25,2
DA:26,2
LF:12
LH:12
BRDA:4,0,0,23
BRDA:17,1,0,2
BRDA:18,2,0,2
BRF:3
BRH:3
end_of_record
TN:
SF:src/utils/paths.ts
FN:49,expandPath
FN:56,isSystemPath
FN:63,(anonymous_2)
FNF:3
FNH:3
FNDA:2,expandPath
FNDA:6,isSystemPath
FNDA:13,(anonymous_2)
DA:4,19
DA:6,19
DA:7,19
DA:8,19
DA:10,19
DA:50,2
DA:51,1
DA:53,1
DA:57,6
DA:63,13
LF:10
LH:10
BRDA:6,0,0,19
BRDA:6,0,1,19
BRDA:7,1,0,19
BRDA:7,1,1,19
BRDA:8,2,0,19
BRDA:8,2,1,19
BRDA:13,3,0,19
BRDA:13,3,1,19
BRDA:45,4,0,19
BRDA:45,4,1,19
BRDA:46,5,0,19
BRDA:46,5,1,19
BRDA:50,6,0,1
BRDA:50,6,1,1
BRF:14
BRH:14
end_of_record
TN:
SF:src/utils/size.ts
FN:3,formatSize
FN:13,parseSize
FNF:2
FNH:2
FNDA:13,formatSize
FNDA:5,parseSize
DA:1,19
DA:4,13
DA:6,11
DA:7,11
DA:8,11
DA:10,11
DA:14,5
DA:15,5
DA:17,4
DA:18,4
DA:19,4
DA:21,4
DA:24,19
LF:13
LH:13
BRDA:4,0,0,2
BRDA:4,0,1,11
BRDA:10,1,0,10
BRDA:10,1,1,1
BRDA:15,2,0,1
BRDA:15,2,1,4
BRF:6
BRH:6
end_of_record
